<?xml version="1.0" encoding="UTF-8"?><testrun name="restaurantsearchservice" project="restaurantsearchservice" tests="61" started="61" failures="8" errors="5" ignored="0">
  <testsuite name="com.eatza.restaurantsearchservice.controller.MenuItemControllerTest" time="6.278" displayname="MenuItemControllerTest" uniqueid="[engine:junit-vintage]/[runner:com.eatza.restaurantsearchservice.controller.MenuItemControllerTest]">
    <testcase name="addMenuItem" classname="com.eatza.restaurantsearchservice.controller.MenuItemControllerTest" time="1.344" displayname="addMenuItem" uniqueid="[engine:junit-vintage]/[runner:com.eatza.restaurantsearchservice.controller.MenuItemControllerTest]/[test:addMenuItem(com.eatza.restaurantsearchservice.controller.MenuItemControllerTest)]">
      <failure>java.lang.AssertionError: Response status expected:&lt;200&gt; but was:&lt;404&gt;&#13;
	at org.springframework.test.util.AssertionErrors.fail(AssertionErrors.java:59)&#13;
	at org.springframework.test.util.AssertionErrors.assertEquals(AssertionErrors.java:122)&#13;
	at org.springframework.test.web.servlet.result.StatusResultMatchers.lambda$is$1(StatusResultMatchers.java:63)&#13;
	at org.springframework.test.web.servlet.MockMvc$1.andExpect(MockMvc.java:196)&#13;
	at com.eatza.restaurantsearchservice.controller.MenuItemControllerTest.addMenuItem(MenuItemControllerTest.java:70)&#13;
	at sun.reflect.NativeMethodAccessorImpl.invoke0(Native Method)&#13;
	at sun.reflect.NativeMethodAccessorImpl.invoke(Unknown Source)&#13;
	at sun.reflect.DelegatingMethodAccessorImpl.invoke(Unknown Source)&#13;
	at java.lang.reflect.Method.invoke(Unknown Source)&#13;
	at org.junit.runners.model.FrameworkMethod$1.runReflectiveCall(FrameworkMethod.java:59)&#13;
	at org.junit.internal.runners.model.ReflectiveCallable.run(ReflectiveCallable.java:12)&#13;
	at org.junit.runners.model.FrameworkMethod.invokeExplosively(FrameworkMethod.java:56)&#13;
	at org.junit.internal.runners.statements.InvokeMethod.evaluate(InvokeMethod.java:17)&#13;
	at org.springframework.test.context.junit4.statements.RunBeforeTestExecutionCallbacks.evaluate(RunBeforeTestExecutionCallbacks.java:74)&#13;
	at org.springframework.test.context.junit4.statements.RunAfterTestExecutionCallbacks.evaluate(RunAfterTestExecutionCallbacks.java:84)&#13;
	at org.junit.internal.runners.statements.RunBefores.evaluate(RunBefores.java:26)&#13;
	at org.springframework.test.context.junit4.statements.RunBeforeTestMethodCallbacks.evaluate(RunBeforeTestMethodCallbacks.java:75)&#13;
	at org.springframework.test.context.junit4.statements.RunAfterTestMethodCallbacks.evaluate(RunAfterTestMethodCallbacks.java:86)&#13;
	at org.springframework.test.context.junit4.statements.SpringRepeat.evaluate(SpringRepeat.java:84)&#13;
	at org.junit.runners.ParentRunner.runLeaf(ParentRunner.java:366)&#13;
	at org.springframework.test.context.junit4.SpringJUnit4ClassRunner.runChild(SpringJUnit4ClassRunner.java:251)&#13;
	at org.springframework.test.context.junit4.SpringJUnit4ClassRunner.runChild(SpringJUnit4ClassRunner.java:97)&#13;
	at org.junit.runners.ParentRunner$4.run(ParentRunner.java:331)&#13;
	at org.junit.runners.ParentRunner$1.schedule(ParentRunner.java:79)&#13;
	at org.junit.runners.ParentRunner.runChildren(ParentRunner.java:329)&#13;
	at org.junit.runners.ParentRunner.access$100(ParentRunner.java:66)&#13;
	at org.junit.runners.ParentRunner$2.evaluate(ParentRunner.java:293)&#13;
	at org.springframework.test.context.junit4.statements.RunBeforeTestClassCallbacks.evaluate(RunBeforeTestClassCallbacks.java:61)&#13;
	at org.springframework.test.context.junit4.statements.RunAfterTestClassCallbacks.evaluate(RunAfterTestClassCallbacks.java:70)&#13;
	at org.junit.runners.ParentRunner$3.evaluate(ParentRunner.java:306)&#13;
	at org.junit.runners.ParentRunner.run(ParentRunner.java:413)&#13;
	at org.springframework.test.context.junit4.SpringJUnit4ClassRunner.run(SpringJUnit4ClassRunner.java:190)&#13;
	at org.junit.runner.JUnitCore.run(JUnitCore.java:137)&#13;
	at org.junit.runner.JUnitCore.run(JUnitCore.java:115)&#13;
	at org.junit.vintage.engine.execution.RunnerExecutor.execute(RunnerExecutor.java:43)&#13;
	at java.util.stream.ForEachOps$ForEachOp$OfRef.accept(Unknown Source)&#13;
	at java.util.stream.ReferencePipeline$3$1.accept(Unknown Source)&#13;
	at java.util.Iterator.forEachRemaining(Unknown Source)&#13;
	at java.util.Spliterators$IteratorSpliterator.forEachRemaining(Unknown Source)&#13;
	at java.util.stream.AbstractPipeline.copyInto(Unknown Source)&#13;
	at java.util.stream.AbstractPipeline.wrapAndCopyInto(Unknown Source)&#13;
	at java.util.stream.ForEachOps$ForEachOp.evaluateSequential(Unknown Source)&#13;
	at java.util.stream.ForEachOps$ForEachOp$OfRef.evaluateSequential(Unknown Source)&#13;
	at java.util.stream.AbstractPipeline.evaluate(Unknown Source)&#13;
	at java.util.stream.ReferencePipeline.forEach(Unknown Source)&#13;
	at org.junit.vintage.engine.VintageTestEngine.executeAllChildren(VintageTestEngine.java:82)&#13;
	at org.junit.vintage.engine.VintageTestEngine.execute(VintageTestEngine.java:73)&#13;
	at org.junit.platform.launcher.core.DefaultLauncher.execute(DefaultLauncher.java:248)&#13;
	at org.junit.platform.launcher.core.DefaultLauncher.lambda$execute$5(DefaultLauncher.java:211)&#13;
	at org.junit.platform.launcher.core.DefaultLauncher.withInterceptedStreams(DefaultLauncher.java:226)&#13;
	at org.junit.platform.launcher.core.DefaultLauncher.execute(DefaultLauncher.java:199)&#13;
	at org.junit.platform.launcher.core.DefaultLauncher.execute(DefaultLauncher.java:141)&#13;
	at org.eclipse.jdt.internal.junit5.runner.JUnit5TestReference.run(JUnit5TestReference.java:98)&#13;
	at org.eclipse.jdt.internal.junit.runner.TestExecution.run(TestExecution.java:41)&#13;
	at org.eclipse.jdt.internal.junit.runner.RemoteTestRunner.runTests(RemoteTestRunner.java:542)&#13;
	at org.eclipse.jdt.internal.junit.runner.RemoteTestRunner.runTests(RemoteTestRunner.java:770)&#13;
	at org.eclipse.jdt.internal.junit.runner.RemoteTestRunner.run(RemoteTestRunner.java:464)&#13;
	at org.eclipse.jdt.internal.junit.runner.RemoteTestRunner.main(RemoteTestRunner.java:210)&#13;
&#13;
</failure>
    </testcase>
    <testcase name="getItemById" classname="com.eatza.restaurantsearchservice.controller.MenuItemControllerTest" time="0.067" displayname="getItemById" uniqueid="[engine:junit-vintage]/[runner:com.eatza.restaurantsearchservice.controller.MenuItemControllerTest]/[test:getItemById(com.eatza.restaurantsearchservice.controller.MenuItemControllerTest)]"/>
    <testcase name="getItemById_empty" classname="com.eatza.restaurantsearchservice.controller.MenuItemControllerTest" time="0.011" displayname="getItemById_empty" uniqueid="[engine:junit-vintage]/[runner:com.eatza.restaurantsearchservice.controller.MenuItemControllerTest]/[test:getItemById_empty(com.eatza.restaurantsearchservice.controller.MenuItemControllerTest)]"/>
    <testcase name="getRestaurantsContainingItem" classname="com.eatza.restaurantsearchservice.controller.MenuItemControllerTest" time="4.855" displayname="getRestaurantsContainingItem" uniqueid="[engine:junit-vintage]/[runner:com.eatza.restaurantsearchservice.controller.MenuItemControllerTest]/[test:getRestaurantsContainingItem(com.eatza.restaurantsearchservice.controller.MenuItemControllerTest)]"/>
  </testsuite>
  <testsuite name="com.eatza.restaurantsearchservice.controller.RestaurantControllerTest" time="4.939" displayname="RestaurantControllerTest" uniqueid="[engine:junit-vintage]/[runner:com.eatza.restaurantsearchservice.controller.RestaurantControllerTest]">
    <testcase name="getRestaurantsByName_empty" classname="com.eatza.restaurantsearchservice.controller.RestaurantControllerTest" time="0.015" displayname="getRestaurantsByName_empty" uniqueid="[engine:junit-vintage]/[runner:com.eatza.restaurantsearchservice.controller.RestaurantControllerTest]/[test:getRestaurantsByName_empty(com.eatza.restaurantsearchservice.controller.RestaurantControllerTest)]"/>
    <testcase name="getRestaurantsByName_zero" classname="com.eatza.restaurantsearchservice.controller.RestaurantControllerTest" time="0.018" displayname="getRestaurantsByName_zero" uniqueid="[engine:junit-vintage]/[runner:com.eatza.restaurantsearchservice.controller.RestaurantControllerTest]/[test:getRestaurantsByName_zero(com.eatza.restaurantsearchservice.controller.RestaurantControllerTest)]">
      <failure>java.lang.AssertionError: Response status expected:&lt;400&gt; but was:&lt;404&gt;&#13;
	at org.springframework.test.util.AssertionErrors.fail(AssertionErrors.java:59)&#13;
	at org.springframework.test.util.AssertionErrors.assertEquals(AssertionErrors.java:122)&#13;
	at org.springframework.test.web.servlet.result.StatusResultMatchers.lambda$is$1(StatusResultMatchers.java:63)&#13;
	at org.springframework.test.web.servlet.MockMvc$1.andExpect(MockMvc.java:196)&#13;
	at com.eatza.restaurantsearchservice.controller.RestaurantControllerTest.getRestaurantsByName_zero(RestaurantControllerTest.java:242)&#13;
	at sun.reflect.NativeMethodAccessorImpl.invoke0(Native Method)&#13;
	at sun.reflect.NativeMethodAccessorImpl.invoke(Unknown Source)&#13;
	at sun.reflect.DelegatingMethodAccessorImpl.invoke(Unknown Source)&#13;
	at java.lang.reflect.Method.invoke(Unknown Source)&#13;
	at org.junit.runners.model.FrameworkMethod$1.runReflectiveCall(FrameworkMethod.java:59)&#13;
	at org.junit.internal.runners.model.ReflectiveCallable.run(ReflectiveCallable.java:12)&#13;
	at org.junit.runners.model.FrameworkMethod.invokeExplosively(FrameworkMethod.java:56)&#13;
	at org.junit.internal.runners.statements.InvokeMethod.evaluate(InvokeMethod.java:17)&#13;
	at org.springframework.test.context.junit4.statements.RunBeforeTestExecutionCallbacks.evaluate(RunBeforeTestExecutionCallbacks.java:74)&#13;
	at org.springframework.test.context.junit4.statements.RunAfterTestExecutionCallbacks.evaluate(RunAfterTestExecutionCallbacks.java:84)&#13;
	at org.junit.internal.runners.statements.RunBefores.evaluate(RunBefores.java:26)&#13;
	at org.springframework.test.context.junit4.statements.RunBeforeTestMethodCallbacks.evaluate(RunBeforeTestMethodCallbacks.java:75)&#13;
	at org.springframework.test.context.junit4.statements.RunAfterTestMethodCallbacks.evaluate(RunAfterTestMethodCallbacks.java:86)&#13;
	at org.springframework.test.context.junit4.statements.SpringRepeat.evaluate(SpringRepeat.java:84)&#13;
	at org.junit.runners.ParentRunner.runLeaf(ParentRunner.java:366)&#13;
	at org.springframework.test.context.junit4.SpringJUnit4ClassRunner.runChild(SpringJUnit4ClassRunner.java:251)&#13;
	at org.springframework.test.context.junit4.SpringJUnit4ClassRunner.runChild(SpringJUnit4ClassRunner.java:97)&#13;
	at org.junit.runners.ParentRunner$4.run(ParentRunner.java:331)&#13;
	at org.junit.runners.ParentRunner$1.schedule(ParentRunner.java:79)&#13;
	at org.junit.runners.ParentRunner.runChildren(ParentRunner.java:329)&#13;
	at org.junit.runners.ParentRunner.access$100(ParentRunner.java:66)&#13;
	at org.junit.runners.ParentRunner$2.evaluate(ParentRunner.java:293)&#13;
	at org.springframework.test.context.junit4.statements.RunBeforeTestClassCallbacks.evaluate(RunBeforeTestClassCallbacks.java:61)&#13;
	at org.springframework.test.context.junit4.statements.RunAfterTestClassCallbacks.evaluate(RunAfterTestClassCallbacks.java:70)&#13;
	at org.junit.runners.ParentRunner$3.evaluate(ParentRunner.java:306)&#13;
	at org.junit.runners.ParentRunner.run(ParentRunner.java:413)&#13;
	at org.springframework.test.context.junit4.SpringJUnit4ClassRunner.run(SpringJUnit4ClassRunner.java:190)&#13;
	at org.junit.runner.JUnitCore.run(JUnitCore.java:137)&#13;
	at org.junit.runner.JUnitCore.run(JUnitCore.java:115)&#13;
	at org.junit.vintage.engine.execution.RunnerExecutor.execute(RunnerExecutor.java:43)&#13;
	at java.util.stream.ForEachOps$ForEachOp$OfRef.accept(Unknown Source)&#13;
	at java.util.stream.ReferencePipeline$3$1.accept(Unknown Source)&#13;
	at java.util.Iterator.forEachRemaining(Unknown Source)&#13;
	at java.util.Spliterators$IteratorSpliterator.forEachRemaining(Unknown Source)&#13;
	at java.util.stream.AbstractPipeline.copyInto(Unknown Source)&#13;
	at java.util.stream.AbstractPipeline.wrapAndCopyInto(Unknown Source)&#13;
	at java.util.stream.ForEachOps$ForEachOp.evaluateSequential(Unknown Source)&#13;
	at java.util.stream.ForEachOps$ForEachOp$OfRef.evaluateSequential(Unknown Source)&#13;
	at java.util.stream.AbstractPipeline.evaluate(Unknown Source)&#13;
	at java.util.stream.ReferencePipeline.forEach(Unknown Source)&#13;
	at org.junit.vintage.engine.VintageTestEngine.executeAllChildren(VintageTestEngine.java:82)&#13;
	at org.junit.vintage.engine.VintageTestEngine.execute(VintageTestEngine.java:73)&#13;
	at org.junit.platform.launcher.core.DefaultLauncher.execute(DefaultLauncher.java:248)&#13;
	at org.junit.platform.launcher.core.DefaultLauncher.lambda$execute$5(DefaultLauncher.java:211)&#13;
	at org.junit.platform.launcher.core.DefaultLauncher.withInterceptedStreams(DefaultLauncher.java:226)&#13;
	at org.junit.platform.launcher.core.DefaultLauncher.execute(DefaultLauncher.java:199)&#13;
	at org.junit.platform.launcher.core.DefaultLauncher.execute(DefaultLauncher.java:141)&#13;
	at org.eclipse.jdt.internal.junit5.runner.JUnit5TestReference.run(JUnit5TestReference.java:98)&#13;
	at org.eclipse.jdt.internal.junit.runner.TestExecution.run(TestExecution.java:41)&#13;
	at org.eclipse.jdt.internal.junit.runner.RemoteTestRunner.runTests(RemoteTestRunner.java:542)&#13;
	at org.eclipse.jdt.internal.junit.runner.RemoteTestRunner.runTests(RemoteTestRunner.java:770)&#13;
	at org.eclipse.jdt.internal.junit.runner.RemoteTestRunner.run(RemoteTestRunner.java:464)&#13;
	at org.eclipse.jdt.internal.junit.runner.RemoteTestRunner.main(RemoteTestRunner.java:210)&#13;
&#13;
</failure>
    </testcase>
    <testcase name="getRestaurantsByLocationAndCuisine_zero_pagenumber" classname="com.eatza.restaurantsearchservice.controller.RestaurantControllerTest" time="0.019" displayname="getRestaurantsByLocationAndCuisine_zero_pagenumber" uniqueid="[engine:junit-vintage]/[runner:com.eatza.restaurantsearchservice.controller.RestaurantControllerTest]/[test:getRestaurantsByLocationAndCuisine_zero_pagenumber(com.eatza.restaurantsearchservice.controller.RestaurantControllerTest)]"/>
    <testcase name="getRestaurantsByRating_zeropgaenumber" classname="com.eatza.restaurantsearchservice.controller.RestaurantControllerTest" time="0.032" displayname="getRestaurantsByRating_zeropgaenumber" uniqueid="[engine:junit-vintage]/[runner:com.eatza.restaurantsearchservice.controller.RestaurantControllerTest]/[test:getRestaurantsByRating_zeropgaenumber(com.eatza.restaurantsearchservice.controller.RestaurantControllerTest)]"/>
    <testcase name="addRestaurant" classname="com.eatza.restaurantsearchservice.controller.RestaurantControllerTest" time="0.017" displayname="addRestaurant" uniqueid="[engine:junit-vintage]/[runner:com.eatza.restaurantsearchservice.controller.RestaurantControllerTest]/[test:addRestaurant(com.eatza.restaurantsearchservice.controller.RestaurantControllerTest)]">
      <failure>java.lang.AssertionError: Response status expected:&lt;200&gt; but was:&lt;404&gt;&#13;
	at org.springframework.test.util.AssertionErrors.fail(AssertionErrors.java:59)&#13;
	at org.springframework.test.util.AssertionErrors.assertEquals(AssertionErrors.java:122)&#13;
	at org.springframework.test.web.servlet.result.StatusResultMatchers.lambda$is$1(StatusResultMatchers.java:63)&#13;
	at org.springframework.test.web.servlet.MockMvc$1.andExpect(MockMvc.java:196)&#13;
	at com.eatza.restaurantsearchservice.controller.RestaurantControllerTest.addRestaurant(RestaurantControllerTest.java:123)&#13;
	at sun.reflect.NativeMethodAccessorImpl.invoke0(Native Method)&#13;
	at sun.reflect.NativeMethodAccessorImpl.invoke(Unknown Source)&#13;
	at sun.reflect.DelegatingMethodAccessorImpl.invoke(Unknown Source)&#13;
	at java.lang.reflect.Method.invoke(Unknown Source)&#13;
	at org.junit.runners.model.FrameworkMethod$1.runReflectiveCall(FrameworkMethod.java:59)&#13;
	at org.junit.internal.runners.model.ReflectiveCallable.run(ReflectiveCallable.java:12)&#13;
	at org.junit.runners.model.FrameworkMethod.invokeExplosively(FrameworkMethod.java:56)&#13;
	at org.junit.internal.runners.statements.InvokeMethod.evaluate(InvokeMethod.java:17)&#13;
	at org.springframework.test.context.junit4.statements.RunBeforeTestExecutionCallbacks.evaluate(RunBeforeTestExecutionCallbacks.java:74)&#13;
	at org.springframework.test.context.junit4.statements.RunAfterTestExecutionCallbacks.evaluate(RunAfterTestExecutionCallbacks.java:84)&#13;
	at org.junit.internal.runners.statements.RunBefores.evaluate(RunBefores.java:26)&#13;
	at org.springframework.test.context.junit4.statements.RunBeforeTestMethodCallbacks.evaluate(RunBeforeTestMethodCallbacks.java:75)&#13;
	at org.springframework.test.context.junit4.statements.RunAfterTestMethodCallbacks.evaluate(RunAfterTestMethodCallbacks.java:86)&#13;
	at org.springframework.test.context.junit4.statements.SpringRepeat.evaluate(SpringRepeat.java:84)&#13;
	at org.junit.runners.ParentRunner.runLeaf(ParentRunner.java:366)&#13;
	at org.springframework.test.context.junit4.SpringJUnit4ClassRunner.runChild(SpringJUnit4ClassRunner.java:251)&#13;
	at org.springframework.test.context.junit4.SpringJUnit4ClassRunner.runChild(SpringJUnit4ClassRunner.java:97)&#13;
	at org.junit.runners.ParentRunner$4.run(ParentRunner.java:331)&#13;
	at org.junit.runners.ParentRunner$1.schedule(ParentRunner.java:79)&#13;
	at org.junit.runners.ParentRunner.runChildren(ParentRunner.java:329)&#13;
	at org.junit.runners.ParentRunner.access$100(ParentRunner.java:66)&#13;
	at org.junit.runners.ParentRunner$2.evaluate(ParentRunner.java:293)&#13;
	at org.springframework.test.context.junit4.statements.RunBeforeTestClassCallbacks.evaluate(RunBeforeTestClassCallbacks.java:61)&#13;
	at org.springframework.test.context.junit4.statements.RunAfterTestClassCallbacks.evaluate(RunAfterTestClassCallbacks.java:70)&#13;
	at org.junit.runners.ParentRunner$3.evaluate(ParentRunner.java:306)&#13;
	at org.junit.runners.ParentRunner.run(ParentRunner.java:413)&#13;
	at org.springframework.test.context.junit4.SpringJUnit4ClassRunner.run(SpringJUnit4ClassRunner.java:190)&#13;
	at org.junit.runner.JUnitCore.run(JUnitCore.java:137)&#13;
	at org.junit.runner.JUnitCore.run(JUnitCore.java:115)&#13;
	at org.junit.vintage.engine.execution.RunnerExecutor.execute(RunnerExecutor.java:43)&#13;
	at java.util.stream.ForEachOps$ForEachOp$OfRef.accept(Unknown Source)&#13;
	at java.util.stream.ReferencePipeline$3$1.accept(Unknown Source)&#13;
	at java.util.Iterator.forEachRemaining(Unknown Source)&#13;
	at java.util.Spliterators$IteratorSpliterator.forEachRemaining(Unknown Source)&#13;
	at java.util.stream.AbstractPipeline.copyInto(Unknown Source)&#13;
	at java.util.stream.AbstractPipeline.wrapAndCopyInto(Unknown Source)&#13;
	at java.util.stream.ForEachOps$ForEachOp.evaluateSequential(Unknown Source)&#13;
	at java.util.stream.ForEachOps$ForEachOp$OfRef.evaluateSequential(Unknown Source)&#13;
	at java.util.stream.AbstractPipeline.evaluate(Unknown Source)&#13;
	at java.util.stream.ReferencePipeline.forEach(Unknown Source)&#13;
	at org.junit.vintage.engine.VintageTestEngine.executeAllChildren(VintageTestEngine.java:82)&#13;
	at org.junit.vintage.engine.VintageTestEngine.execute(VintageTestEngine.java:73)&#13;
	at org.junit.platform.launcher.core.DefaultLauncher.execute(DefaultLauncher.java:248)&#13;
	at org.junit.platform.launcher.core.DefaultLauncher.lambda$execute$5(DefaultLauncher.java:211)&#13;
	at org.junit.platform.launcher.core.DefaultLauncher.withInterceptedStreams(DefaultLauncher.java:226)&#13;
	at org.junit.platform.launcher.core.DefaultLauncher.execute(DefaultLauncher.java:199)&#13;
	at org.junit.platform.launcher.core.DefaultLauncher.execute(DefaultLauncher.java:141)&#13;
	at org.eclipse.jdt.internal.junit5.runner.JUnit5TestReference.run(JUnit5TestReference.java:98)&#13;
	at org.eclipse.jdt.internal.junit.runner.TestExecution.run(TestExecution.java:41)&#13;
	at org.eclipse.jdt.internal.junit.runner.RemoteTestRunner.runTests(RemoteTestRunner.java:542)&#13;
	at org.eclipse.jdt.internal.junit.runner.RemoteTestRunner.runTests(RemoteTestRunner.java:770)&#13;
	at org.eclipse.jdt.internal.junit.runner.RemoteTestRunner.run(RemoteTestRunner.java:464)&#13;
	at org.eclipse.jdt.internal.junit.runner.RemoteTestRunner.main(RemoteTestRunner.java:210)&#13;
&#13;
</failure>
    </testcase>
    <testcase name="getAllRestaurants_basic" classname="com.eatza.restaurantsearchservice.controller.RestaurantControllerTest" time="0.013" displayname="getAllRestaurants_basic" uniqueid="[engine:junit-vintage]/[runner:com.eatza.restaurantsearchservice.controller.RestaurantControllerTest]/[test:getAllRestaurants_basic(com.eatza.restaurantsearchservice.controller.RestaurantControllerTest)]">
      <failure>java.lang.AssertionError: Status expected:&lt;200&gt; but was:&lt;404&gt;&#13;
	at org.springframework.test.util.AssertionErrors.fail(AssertionErrors.java:59)&#13;
	at org.springframework.test.util.AssertionErrors.assertEquals(AssertionErrors.java:122)&#13;
	at org.springframework.test.web.servlet.result.StatusResultMatchers.lambda$matcher$9(StatusResultMatchers.java:627)&#13;
	at org.springframework.test.web.servlet.MockMvc$1.andExpect(MockMvc.java:196)&#13;
	at com.eatza.restaurantsearchservice.controller.RestaurantControllerTest.getAllRestaurants_basic(RestaurantControllerTest.java:80)&#13;
	at sun.reflect.NativeMethodAccessorImpl.invoke0(Native Method)&#13;
	at sun.reflect.NativeMethodAccessorImpl.invoke(Unknown Source)&#13;
	at sun.reflect.DelegatingMethodAccessorImpl.invoke(Unknown Source)&#13;
	at java.lang.reflect.Method.invoke(Unknown Source)&#13;
	at org.junit.runners.model.FrameworkMethod$1.runReflectiveCall(FrameworkMethod.java:59)&#13;
	at org.junit.internal.runners.model.ReflectiveCallable.run(ReflectiveCallable.java:12)&#13;
	at org.junit.runners.model.FrameworkMethod.invokeExplosively(FrameworkMethod.java:56)&#13;
	at org.junit.internal.runners.statements.InvokeMethod.evaluate(InvokeMethod.java:17)&#13;
	at org.springframework.test.context.junit4.statements.RunBeforeTestExecutionCallbacks.evaluate(RunBeforeTestExecutionCallbacks.java:74)&#13;
	at org.springframework.test.context.junit4.statements.RunAfterTestExecutionCallbacks.evaluate(RunAfterTestExecutionCallbacks.java:84)&#13;
	at org.junit.internal.runners.statements.RunBefores.evaluate(RunBefores.java:26)&#13;
	at org.springframework.test.context.junit4.statements.RunBeforeTestMethodCallbacks.evaluate(RunBeforeTestMethodCallbacks.java:75)&#13;
	at org.springframework.test.context.junit4.statements.RunAfterTestMethodCallbacks.evaluate(RunAfterTestMethodCallbacks.java:86)&#13;
	at org.springframework.test.context.junit4.statements.SpringRepeat.evaluate(SpringRepeat.java:84)&#13;
	at org.junit.runners.ParentRunner.runLeaf(ParentRunner.java:366)&#13;
	at org.springframework.test.context.junit4.SpringJUnit4ClassRunner.runChild(SpringJUnit4ClassRunner.java:251)&#13;
	at org.springframework.test.context.junit4.SpringJUnit4ClassRunner.runChild(SpringJUnit4ClassRunner.java:97)&#13;
	at org.junit.runners.ParentRunner$4.run(ParentRunner.java:331)&#13;
	at org.junit.runners.ParentRunner$1.schedule(ParentRunner.java:79)&#13;
	at org.junit.runners.ParentRunner.runChildren(ParentRunner.java:329)&#13;
	at org.junit.runners.ParentRunner.access$100(ParentRunner.java:66)&#13;
	at org.junit.runners.ParentRunner$2.evaluate(ParentRunner.java:293)&#13;
	at org.springframework.test.context.junit4.statements.RunBeforeTestClassCallbacks.evaluate(RunBeforeTestClassCallbacks.java:61)&#13;
	at org.springframework.test.context.junit4.statements.RunAfterTestClassCallbacks.evaluate(RunAfterTestClassCallbacks.java:70)&#13;
	at org.junit.runners.ParentRunner$3.evaluate(ParentRunner.java:306)&#13;
	at org.junit.runners.ParentRunner.run(ParentRunner.java:413)&#13;
	at org.springframework.test.context.junit4.SpringJUnit4ClassRunner.run(SpringJUnit4ClassRunner.java:190)&#13;
	at org.junit.runner.JUnitCore.run(JUnitCore.java:137)&#13;
	at org.junit.runner.JUnitCore.run(JUnitCore.java:115)&#13;
	at org.junit.vintage.engine.execution.RunnerExecutor.execute(RunnerExecutor.java:43)&#13;
	at java.util.stream.ForEachOps$ForEachOp$OfRef.accept(Unknown Source)&#13;
	at java.util.stream.ReferencePipeline$3$1.accept(Unknown Source)&#13;
	at java.util.Iterator.forEachRemaining(Unknown Source)&#13;
	at java.util.Spliterators$IteratorSpliterator.forEachRemaining(Unknown Source)&#13;
	at java.util.stream.AbstractPipeline.copyInto(Unknown Source)&#13;
	at java.util.stream.AbstractPipeline.wrapAndCopyInto(Unknown Source)&#13;
	at java.util.stream.ForEachOps$ForEachOp.evaluateSequential(Unknown Source)&#13;
	at java.util.stream.ForEachOps$ForEachOp$OfRef.evaluateSequential(Unknown Source)&#13;
	at java.util.stream.AbstractPipeline.evaluate(Unknown Source)&#13;
	at java.util.stream.ReferencePipeline.forEach(Unknown Source)&#13;
	at org.junit.vintage.engine.VintageTestEngine.executeAllChildren(VintageTestEngine.java:82)&#13;
	at org.junit.vintage.engine.VintageTestEngine.execute(VintageTestEngine.java:73)&#13;
	at org.junit.platform.launcher.core.DefaultLauncher.execute(DefaultLauncher.java:248)&#13;
	at org.junit.platform.launcher.core.DefaultLauncher.lambda$execute$5(DefaultLauncher.java:211)&#13;
	at org.junit.platform.launcher.core.DefaultLauncher.withInterceptedStreams(DefaultLauncher.java:226)&#13;
	at org.junit.platform.launcher.core.DefaultLauncher.execute(DefaultLauncher.java:199)&#13;
	at org.junit.platform.launcher.core.DefaultLauncher.execute(DefaultLauncher.java:141)&#13;
	at org.eclipse.jdt.internal.junit5.runner.JUnit5TestReference.run(JUnit5TestReference.java:98)&#13;
	at org.eclipse.jdt.internal.junit.runner.TestExecution.run(TestExecution.java:41)&#13;
	at org.eclipse.jdt.internal.junit.runner.RemoteTestRunner.runTests(RemoteTestRunner.java:542)&#13;
	at org.eclipse.jdt.internal.junit.runner.RemoteTestRunner.runTests(RemoteTestRunner.java:770)&#13;
	at org.eclipse.jdt.internal.junit.runner.RemoteTestRunner.run(RemoteTestRunner.java:464)&#13;
	at org.eclipse.jdt.internal.junit.runner.RemoteTestRunner.main(RemoteTestRunner.java:210)&#13;
&#13;
</failure>
    </testcase>
    <testcase name="getAllRestaurants_empty" classname="com.eatza.restaurantsearchservice.controller.RestaurantControllerTest" time="0.016" displayname="getAllRestaurants_empty" uniqueid="[engine:junit-vintage]/[runner:com.eatza.restaurantsearchservice.controller.RestaurantControllerTest]/[test:getAllRestaurants_empty(com.eatza.restaurantsearchservice.controller.RestaurantControllerTest)]"/>
    <testcase name="getRestaurantsByName" classname="com.eatza.restaurantsearchservice.controller.RestaurantControllerTest" time="0.015" displayname="getRestaurantsByName" uniqueid="[engine:junit-vintage]/[runner:com.eatza.restaurantsearchservice.controller.RestaurantControllerTest]/[test:getRestaurantsByName(com.eatza.restaurantsearchservice.controller.RestaurantControllerTest)]">
      <failure>java.lang.AssertionError: Status expected:&lt;200&gt; but was:&lt;404&gt;&#13;
	at org.springframework.test.util.AssertionErrors.fail(AssertionErrors.java:59)&#13;
	at org.springframework.test.util.AssertionErrors.assertEquals(AssertionErrors.java:122)&#13;
	at org.springframework.test.web.servlet.result.StatusResultMatchers.lambda$matcher$9(StatusResultMatchers.java:627)&#13;
	at org.springframework.test.web.servlet.MockMvc$1.andExpect(MockMvc.java:196)&#13;
	at com.eatza.restaurantsearchservice.controller.RestaurantControllerTest.getRestaurantsByName(RestaurantControllerTest.java:224)&#13;
	at sun.reflect.NativeMethodAccessorImpl.invoke0(Native Method)&#13;
	at sun.reflect.NativeMethodAccessorImpl.invoke(Unknown Source)&#13;
	at sun.reflect.DelegatingMethodAccessorImpl.invoke(Unknown Source)&#13;
	at java.lang.reflect.Method.invoke(Unknown Source)&#13;
	at org.junit.runners.model.FrameworkMethod$1.runReflectiveCall(FrameworkMethod.java:59)&#13;
	at org.junit.internal.runners.model.ReflectiveCallable.run(ReflectiveCallable.java:12)&#13;
	at org.junit.runners.model.FrameworkMethod.invokeExplosively(FrameworkMethod.java:56)&#13;
	at org.junit.internal.runners.statements.InvokeMethod.evaluate(InvokeMethod.java:17)&#13;
	at org.springframework.test.context.junit4.statements.RunBeforeTestExecutionCallbacks.evaluate(RunBeforeTestExecutionCallbacks.java:74)&#13;
	at org.springframework.test.context.junit4.statements.RunAfterTestExecutionCallbacks.evaluate(RunAfterTestExecutionCallbacks.java:84)&#13;
	at org.junit.internal.runners.statements.RunBefores.evaluate(RunBefores.java:26)&#13;
	at org.springframework.test.context.junit4.statements.RunBeforeTestMethodCallbacks.evaluate(RunBeforeTestMethodCallbacks.java:75)&#13;
	at org.springframework.test.context.junit4.statements.RunAfterTestMethodCallbacks.evaluate(RunAfterTestMethodCallbacks.java:86)&#13;
	at org.springframework.test.context.junit4.statements.SpringRepeat.evaluate(SpringRepeat.java:84)&#13;
	at org.junit.runners.ParentRunner.runLeaf(ParentRunner.java:366)&#13;
	at org.springframework.test.context.junit4.SpringJUnit4ClassRunner.runChild(SpringJUnit4ClassRunner.java:251)&#13;
	at org.springframework.test.context.junit4.SpringJUnit4ClassRunner.runChild(SpringJUnit4ClassRunner.java:97)&#13;
	at org.junit.runners.ParentRunner$4.run(ParentRunner.java:331)&#13;
	at org.junit.runners.ParentRunner$1.schedule(ParentRunner.java:79)&#13;
	at org.junit.runners.ParentRunner.runChildren(ParentRunner.java:329)&#13;
	at org.junit.runners.ParentRunner.access$100(ParentRunner.java:66)&#13;
	at org.junit.runners.ParentRunner$2.evaluate(ParentRunner.java:293)&#13;
	at org.springframework.test.context.junit4.statements.RunBeforeTestClassCallbacks.evaluate(RunBeforeTestClassCallbacks.java:61)&#13;
	at org.springframework.test.context.junit4.statements.RunAfterTestClassCallbacks.evaluate(RunAfterTestClassCallbacks.java:70)&#13;
	at org.junit.runners.ParentRunner$3.evaluate(ParentRunner.java:306)&#13;
	at org.junit.runners.ParentRunner.run(ParentRunner.java:413)&#13;
	at org.springframework.test.context.junit4.SpringJUnit4ClassRunner.run(SpringJUnit4ClassRunner.java:190)&#13;
	at org.junit.runner.JUnitCore.run(JUnitCore.java:137)&#13;
	at org.junit.runner.JUnitCore.run(JUnitCore.java:115)&#13;
	at org.junit.vintage.engine.execution.RunnerExecutor.execute(RunnerExecutor.java:43)&#13;
	at java.util.stream.ForEachOps$ForEachOp$OfRef.accept(Unknown Source)&#13;
	at java.util.stream.ReferencePipeline$3$1.accept(Unknown Source)&#13;
	at java.util.Iterator.forEachRemaining(Unknown Source)&#13;
	at java.util.Spliterators$IteratorSpliterator.forEachRemaining(Unknown Source)&#13;
	at java.util.stream.AbstractPipeline.copyInto(Unknown Source)&#13;
	at java.util.stream.AbstractPipeline.wrapAndCopyInto(Unknown Source)&#13;
	at java.util.stream.ForEachOps$ForEachOp.evaluateSequential(Unknown Source)&#13;
	at java.util.stream.ForEachOps$ForEachOp$OfRef.evaluateSequential(Unknown Source)&#13;
	at java.util.stream.AbstractPipeline.evaluate(Unknown Source)&#13;
	at java.util.stream.ReferencePipeline.forEach(Unknown Source)&#13;
	at org.junit.vintage.engine.VintageTestEngine.executeAllChildren(VintageTestEngine.java:82)&#13;
	at org.junit.vintage.engine.VintageTestEngine.execute(VintageTestEngine.java:73)&#13;
	at org.junit.platform.launcher.core.DefaultLauncher.execute(DefaultLauncher.java:248)&#13;
	at org.junit.platform.launcher.core.DefaultLauncher.lambda$execute$5(DefaultLauncher.java:211)&#13;
	at org.junit.platform.launcher.core.DefaultLauncher.withInterceptedStreams(DefaultLauncher.java:226)&#13;
	at org.junit.platform.launcher.core.DefaultLauncher.execute(DefaultLauncher.java:199)&#13;
	at org.junit.platform.launcher.core.DefaultLauncher.execute(DefaultLauncher.java:141)&#13;
	at org.eclipse.jdt.internal.junit5.runner.JUnit5TestReference.run(JUnit5TestReference.java:98)&#13;
	at org.eclipse.jdt.internal.junit.runner.TestExecution.run(TestExecution.java:41)&#13;
	at org.eclipse.jdt.internal.junit.runner.RemoteTestRunner.runTests(RemoteTestRunner.java:542)&#13;
	at org.eclipse.jdt.internal.junit.runner.RemoteTestRunner.runTests(RemoteTestRunner.java:770)&#13;
	at org.eclipse.jdt.internal.junit.runner.RemoteTestRunner.run(RemoteTestRunner.java:464)&#13;
	at org.eclipse.jdt.internal.junit.runner.RemoteTestRunner.main(RemoteTestRunner.java:210)&#13;
&#13;
</failure>
    </testcase>
    <testcase name="getItemsByRestaurantId_basic" classname="com.eatza.restaurantsearchservice.controller.RestaurantControllerTest" time="0.015" displayname="getItemsByRestaurantId_basic" uniqueid="[engine:junit-vintage]/[runner:com.eatza.restaurantsearchservice.controller.RestaurantControllerTest]/[test:getItemsByRestaurantId_basic(com.eatza.restaurantsearchservice.controller.RestaurantControllerTest)]"/>
    <testcase name="getItemsByRestaurantId_empty" classname="com.eatza.restaurantsearchservice.controller.RestaurantControllerTest" time="0.012" displayname="getItemsByRestaurantId_empty" uniqueid="[engine:junit-vintage]/[runner:com.eatza.restaurantsearchservice.controller.RestaurantControllerTest]/[test:getItemsByRestaurantId_empty(com.eatza.restaurantsearchservice.controller.RestaurantControllerTest)]"/>
    <testcase name="getRestaurantsByLocationAndCuisine_zero_pagesize" classname="com.eatza.restaurantsearchservice.controller.RestaurantControllerTest" time="0.011" displayname="getRestaurantsByLocationAndCuisine_zero_pagesize" uniqueid="[engine:junit-vintage]/[runner:com.eatza.restaurantsearchservice.controller.RestaurantControllerTest]/[test:getRestaurantsByLocationAndCuisine_zero_pagesize(com.eatza.restaurantsearchservice.controller.RestaurantControllerTest)]"/>
    <testcase name="getRestaurantsByBudget" classname="com.eatza.restaurantsearchservice.controller.RestaurantControllerTest" time="0.015" displayname="getRestaurantsByBudget" uniqueid="[engine:junit-vintage]/[runner:com.eatza.restaurantsearchservice.controller.RestaurantControllerTest]/[test:getRestaurantsByBudget(com.eatza.restaurantsearchservice.controller.RestaurantControllerTest)]"/>
    <testcase name="getRestaurantsByLocationAndName_noRestaurants" classname="com.eatza.restaurantsearchservice.controller.RestaurantControllerTest" time="0.009" displayname="getRestaurantsByLocationAndName_noRestaurants" uniqueid="[engine:junit-vintage]/[runner:com.eatza.restaurantsearchservice.controller.RestaurantControllerTest]/[test:getRestaurantsByLocationAndName_noRestaurants(com.eatza.restaurantsearchservice.controller.RestaurantControllerTest)]"/>
    <testcase name="getRestaurantsByLocationAndName" classname="com.eatza.restaurantsearchservice.controller.RestaurantControllerTest" time="0.009" displayname="getRestaurantsByLocationAndName" uniqueid="[engine:junit-vintage]/[runner:com.eatza.restaurantsearchservice.controller.RestaurantControllerTest]/[test:getRestaurantsByLocationAndName(com.eatza.restaurantsearchservice.controller.RestaurantControllerTest)]"/>
    <testcase name="getRestaurantsByRating" classname="com.eatza.restaurantsearchservice.controller.RestaurantControllerTest" time="0.009" displayname="getRestaurantsByRating" uniqueid="[engine:junit-vintage]/[runner:com.eatza.restaurantsearchservice.controller.RestaurantControllerTest]/[test:getRestaurantsByRating(com.eatza.restaurantsearchservice.controller.RestaurantControllerTest)]"/>
    <testcase name="getRestaurantsByLocationAndCuisine" classname="com.eatza.restaurantsearchservice.controller.RestaurantControllerTest" time="0.009" displayname="getRestaurantsByLocationAndCuisine" uniqueid="[engine:junit-vintage]/[runner:com.eatza.restaurantsearchservice.controller.RestaurantControllerTest]/[test:getRestaurantsByLocationAndCuisine(com.eatza.restaurantsearchservice.controller.RestaurantControllerTest)]"/>
    <testcase name="getRestaurantsByLocationAndName_bad" classname="com.eatza.restaurantsearchservice.controller.RestaurantControllerTest" time="0.007" displayname="getRestaurantsByLocationAndName_bad" uniqueid="[engine:junit-vintage]/[runner:com.eatza.restaurantsearchservice.controller.RestaurantControllerTest]/[test:getRestaurantsByLocationAndName_bad(com.eatza.restaurantsearchservice.controller.RestaurantControllerTest)]"/>
    <testcase name="getRestaurantsByRating_zero_pagesize" classname="com.eatza.restaurantsearchservice.controller.RestaurantControllerTest" time="0.007" displayname="getRestaurantsByRating_zero_pagesize" uniqueid="[engine:junit-vintage]/[runner:com.eatza.restaurantsearchservice.controller.RestaurantControllerTest]/[test:getRestaurantsByRating_zero_pagesize(com.eatza.restaurantsearchservice.controller.RestaurantControllerTest)]"/>
    <testcase name="getRestaurantsByBudget_empty" classname="com.eatza.restaurantsearchservice.controller.RestaurantControllerTest" time="0.008" displayname="getRestaurantsByBudget_empty" uniqueid="[engine:junit-vintage]/[runner:com.eatza.restaurantsearchservice.controller.RestaurantControllerTest]/[test:getRestaurantsByBudget_empty(com.eatza.restaurantsearchservice.controller.RestaurantControllerTest)]"/>
    <testcase name="getRestaurantsByName_zeropagesize" classname="com.eatza.restaurantsearchservice.controller.RestaurantControllerTest" time="0.013" displayname="getRestaurantsByName_zeropagesize" uniqueid="[engine:junit-vintage]/[runner:com.eatza.restaurantsearchservice.controller.RestaurantControllerTest]/[test:getRestaurantsByName_zeropagesize(com.eatza.restaurantsearchservice.controller.RestaurantControllerTest)]">
      <failure>java.lang.AssertionError: Response status expected:&lt;400&gt; but was:&lt;404&gt;&#13;
	at org.springframework.test.util.AssertionErrors.fail(AssertionErrors.java:59)&#13;
	at org.springframework.test.util.AssertionErrors.assertEquals(AssertionErrors.java:122)&#13;
	at org.springframework.test.web.servlet.result.StatusResultMatchers.lambda$is$1(StatusResultMatchers.java:63)&#13;
	at org.springframework.test.web.servlet.MockMvc$1.andExpect(MockMvc.java:196)&#13;
	at com.eatza.restaurantsearchservice.controller.RestaurantControllerTest.getRestaurantsByName_zeropagesize(RestaurantControllerTest.java:260)&#13;
	at sun.reflect.NativeMethodAccessorImpl.invoke0(Native Method)&#13;
	at sun.reflect.NativeMethodAccessorImpl.invoke(Unknown Source)&#13;
	at sun.reflect.DelegatingMethodAccessorImpl.invoke(Unknown Source)&#13;
	at java.lang.reflect.Method.invoke(Unknown Source)&#13;
	at org.junit.runners.model.FrameworkMethod$1.runReflectiveCall(FrameworkMethod.java:59)&#13;
	at org.junit.internal.runners.model.ReflectiveCallable.run(ReflectiveCallable.java:12)&#13;
	at org.junit.runners.model.FrameworkMethod.invokeExplosively(FrameworkMethod.java:56)&#13;
	at org.junit.internal.runners.statements.InvokeMethod.evaluate(InvokeMethod.java:17)&#13;
	at org.springframework.test.context.junit4.statements.RunBeforeTestExecutionCallbacks.evaluate(RunBeforeTestExecutionCallbacks.java:74)&#13;
	at org.springframework.test.context.junit4.statements.RunAfterTestExecutionCallbacks.evaluate(RunAfterTestExecutionCallbacks.java:84)&#13;
	at org.junit.internal.runners.statements.RunBefores.evaluate(RunBefores.java:26)&#13;
	at org.springframework.test.context.junit4.statements.RunBeforeTestMethodCallbacks.evaluate(RunBeforeTestMethodCallbacks.java:75)&#13;
	at org.springframework.test.context.junit4.statements.RunAfterTestMethodCallbacks.evaluate(RunAfterTestMethodCallbacks.java:86)&#13;
	at org.springframework.test.context.junit4.statements.SpringRepeat.evaluate(SpringRepeat.java:84)&#13;
	at org.junit.runners.ParentRunner.runLeaf(ParentRunner.java:366)&#13;
	at org.springframework.test.context.junit4.SpringJUnit4ClassRunner.runChild(SpringJUnit4ClassRunner.java:251)&#13;
	at org.springframework.test.context.junit4.SpringJUnit4ClassRunner.runChild(SpringJUnit4ClassRunner.java:97)&#13;
	at org.junit.runners.ParentRunner$4.run(ParentRunner.java:331)&#13;
	at org.junit.runners.ParentRunner$1.schedule(ParentRunner.java:79)&#13;
	at org.junit.runners.ParentRunner.runChildren(ParentRunner.java:329)&#13;
	at org.junit.runners.ParentRunner.access$100(ParentRunner.java:66)&#13;
	at org.junit.runners.ParentRunner$2.evaluate(ParentRunner.java:293)&#13;
	at org.springframework.test.context.junit4.statements.RunBeforeTestClassCallbacks.evaluate(RunBeforeTestClassCallbacks.java:61)&#13;
	at org.springframework.test.context.junit4.statements.RunAfterTestClassCallbacks.evaluate(RunAfterTestClassCallbacks.java:70)&#13;
	at org.junit.runners.ParentRunner$3.evaluate(ParentRunner.java:306)&#13;
	at org.junit.runners.ParentRunner.run(ParentRunner.java:413)&#13;
	at org.springframework.test.context.junit4.SpringJUnit4ClassRunner.run(SpringJUnit4ClassRunner.java:190)&#13;
	at org.junit.runner.JUnitCore.run(JUnitCore.java:137)&#13;
	at org.junit.runner.JUnitCore.run(JUnitCore.java:115)&#13;
	at org.junit.vintage.engine.execution.RunnerExecutor.execute(RunnerExecutor.java:43)&#13;
	at java.util.stream.ForEachOps$ForEachOp$OfRef.accept(Unknown Source)&#13;
	at java.util.stream.ReferencePipeline$3$1.accept(Unknown Source)&#13;
	at java.util.Iterator.forEachRemaining(Unknown Source)&#13;
	at java.util.Spliterators$IteratorSpliterator.forEachRemaining(Unknown Source)&#13;
	at java.util.stream.AbstractPipeline.copyInto(Unknown Source)&#13;
	at java.util.stream.AbstractPipeline.wrapAndCopyInto(Unknown Source)&#13;
	at java.util.stream.ForEachOps$ForEachOp.evaluateSequential(Unknown Source)&#13;
	at java.util.stream.ForEachOps$ForEachOp$OfRef.evaluateSequential(Unknown Source)&#13;
	at java.util.stream.AbstractPipeline.evaluate(Unknown Source)&#13;
	at java.util.stream.ReferencePipeline.forEach(Unknown Source)&#13;
	at org.junit.vintage.engine.VintageTestEngine.executeAllChildren(VintageTestEngine.java:82)&#13;
	at org.junit.vintage.engine.VintageTestEngine.execute(VintageTestEngine.java:73)&#13;
	at org.junit.platform.launcher.core.DefaultLauncher.execute(DefaultLauncher.java:248)&#13;
	at org.junit.platform.launcher.core.DefaultLauncher.lambda$execute$5(DefaultLauncher.java:211)&#13;
	at org.junit.platform.launcher.core.DefaultLauncher.withInterceptedStreams(DefaultLauncher.java:226)&#13;
	at org.junit.platform.launcher.core.DefaultLauncher.execute(DefaultLauncher.java:199)&#13;
	at org.junit.platform.launcher.core.DefaultLauncher.execute(DefaultLauncher.java:141)&#13;
	at org.eclipse.jdt.internal.junit5.runner.JUnit5TestReference.run(JUnit5TestReference.java:98)&#13;
	at org.eclipse.jdt.internal.junit.runner.TestExecution.run(TestExecution.java:41)&#13;
	at org.eclipse.jdt.internal.junit.runner.RemoteTestRunner.runTests(RemoteTestRunner.java:542)&#13;
	at org.eclipse.jdt.internal.junit.runner.RemoteTestRunner.runTests(RemoteTestRunner.java:770)&#13;
	at org.eclipse.jdt.internal.junit.runner.RemoteTestRunner.run(RemoteTestRunner.java:464)&#13;
	at org.eclipse.jdt.internal.junit.runner.RemoteTestRunner.main(RemoteTestRunner.java:210)&#13;
&#13;
</failure>
    </testcase>
    <testcase name="getRestaurantsByRating_empty" classname="com.eatza.restaurantsearchservice.controller.RestaurantControllerTest" time="0.011" displayname="getRestaurantsByRating_empty" uniqueid="[engine:junit-vintage]/[runner:com.eatza.restaurantsearchservice.controller.RestaurantControllerTest]/[test:getRestaurantsByRating_empty(com.eatza.restaurantsearchservice.controller.RestaurantControllerTest)]"/>
    <testcase name="getRestaurantsByBudget_zero" classname="com.eatza.restaurantsearchservice.controller.RestaurantControllerTest" time="0.008" displayname="getRestaurantsByBudget_zero" uniqueid="[engine:junit-vintage]/[runner:com.eatza.restaurantsearchservice.controller.RestaurantControllerTest]/[test:getRestaurantsByBudget_zero(com.eatza.restaurantsearchservice.controller.RestaurantControllerTest)]"/>
    <testcase name="getItemsByRestaurantId_invalid" classname="com.eatza.restaurantsearchservice.controller.RestaurantControllerTest" time="0.011" displayname="getItemsByRestaurantId_invalid" uniqueid="[engine:junit-vintage]/[runner:com.eatza.restaurantsearchservice.controller.RestaurantControllerTest]/[test:getItemsByRestaurantId_invalid(com.eatza.restaurantsearchservice.controller.RestaurantControllerTest)]">
      <failure>java.lang.AssertionError: Expected exception: com.eatza.restaurantsearchservice.exception.InvalidTokenException&#13;
	at org.junit.internal.runners.statements.ExpectException.evaluate(ExpectException.java:34)&#13;
	at org.junit.internal.runners.statements.RunBefores.evaluate(RunBefores.java:26)&#13;
	at org.springframework.test.context.junit4.statements.RunBeforeTestMethodCallbacks.evaluate(RunBeforeTestMethodCallbacks.java:75)&#13;
	at org.springframework.test.context.junit4.statements.RunAfterTestMethodCallbacks.evaluate(RunAfterTestMethodCallbacks.java:86)&#13;
	at org.springframework.test.context.junit4.statements.SpringRepeat.evaluate(SpringRepeat.java:84)&#13;
	at org.junit.runners.ParentRunner.runLeaf(ParentRunner.java:366)&#13;
	at org.springframework.test.context.junit4.SpringJUnit4ClassRunner.runChild(SpringJUnit4ClassRunner.java:251)&#13;
	at org.springframework.test.context.junit4.SpringJUnit4ClassRunner.runChild(SpringJUnit4ClassRunner.java:97)&#13;
	at org.junit.runners.ParentRunner$4.run(ParentRunner.java:331)&#13;
	at org.junit.runners.ParentRunner$1.schedule(ParentRunner.java:79)&#13;
	at org.junit.runners.ParentRunner.runChildren(ParentRunner.java:329)&#13;
	at org.junit.runners.ParentRunner.access$100(ParentRunner.java:66)&#13;
	at org.junit.runners.ParentRunner$2.evaluate(ParentRunner.java:293)&#13;
	at org.springframework.test.context.junit4.statements.RunBeforeTestClassCallbacks.evaluate(RunBeforeTestClassCallbacks.java:61)&#13;
	at org.springframework.test.context.junit4.statements.RunAfterTestClassCallbacks.evaluate(RunAfterTestClassCallbacks.java:70)&#13;
	at org.junit.runners.ParentRunner$3.evaluate(ParentRunner.java:306)&#13;
	at org.junit.runners.ParentRunner.run(ParentRunner.java:413)&#13;
	at org.springframework.test.context.junit4.SpringJUnit4ClassRunner.run(SpringJUnit4ClassRunner.java:190)&#13;
	at org.junit.runner.JUnitCore.run(JUnitCore.java:137)&#13;
	at org.junit.runner.JUnitCore.run(JUnitCore.java:115)&#13;
	at org.junit.vintage.engine.execution.RunnerExecutor.execute(RunnerExecutor.java:43)&#13;
	at java.util.stream.ForEachOps$ForEachOp$OfRef.accept(Unknown Source)&#13;
	at java.util.stream.ReferencePipeline$3$1.accept(Unknown Source)&#13;
	at java.util.Iterator.forEachRemaining(Unknown Source)&#13;
	at java.util.Spliterators$IteratorSpliterator.forEachRemaining(Unknown Source)&#13;
	at java.util.stream.AbstractPipeline.copyInto(Unknown Source)&#13;
	at java.util.stream.AbstractPipeline.wrapAndCopyInto(Unknown Source)&#13;
	at java.util.stream.ForEachOps$ForEachOp.evaluateSequential(Unknown Source)&#13;
	at java.util.stream.ForEachOps$ForEachOp$OfRef.evaluateSequential(Unknown Source)&#13;
	at java.util.stream.AbstractPipeline.evaluate(Unknown Source)&#13;
	at java.util.stream.ReferencePipeline.forEach(Unknown Source)&#13;
	at org.junit.vintage.engine.VintageTestEngine.executeAllChildren(VintageTestEngine.java:82)&#13;
	at org.junit.vintage.engine.VintageTestEngine.execute(VintageTestEngine.java:73)&#13;
	at org.junit.platform.launcher.core.DefaultLauncher.execute(DefaultLauncher.java:248)&#13;
	at org.junit.platform.launcher.core.DefaultLauncher.lambda$execute$5(DefaultLauncher.java:211)&#13;
	at org.junit.platform.launcher.core.DefaultLauncher.withInterceptedStreams(DefaultLauncher.java:226)&#13;
	at org.junit.platform.launcher.core.DefaultLauncher.execute(DefaultLauncher.java:199)&#13;
	at org.junit.platform.launcher.core.DefaultLauncher.execute(DefaultLauncher.java:141)&#13;
	at org.eclipse.jdt.internal.junit5.runner.JUnit5TestReference.run(JUnit5TestReference.java:98)&#13;
	at org.eclipse.jdt.internal.junit.runner.TestExecution.run(TestExecution.java:41)&#13;
	at org.eclipse.jdt.internal.junit.runner.RemoteTestRunner.runTests(RemoteTestRunner.java:542)&#13;
	at org.eclipse.jdt.internal.junit.runner.RemoteTestRunner.runTests(RemoteTestRunner.java:770)&#13;
	at org.eclipse.jdt.internal.junit.runner.RemoteTestRunner.run(RemoteTestRunner.java:464)&#13;
	at org.eclipse.jdt.internal.junit.runner.RemoteTestRunner.main(RemoteTestRunner.java:210)&#13;
&#13;
</failure>
    </testcase>
    <testcase name="getAllRestaurants_zeroPage" classname="com.eatza.restaurantsearchservice.controller.RestaurantControllerTest" time="0.013" displayname="getAllRestaurants_zeroPage" uniqueid="[engine:junit-vintage]/[runner:com.eatza.restaurantsearchservice.controller.RestaurantControllerTest]/[test:getAllRestaurants_zeroPage(com.eatza.restaurantsearchservice.controller.RestaurantControllerTest)]">
      <failure>java.lang.AssertionError: Response status expected:&lt;400&gt; but was:&lt;404&gt;&#13;
	at org.springframework.test.util.AssertionErrors.fail(AssertionErrors.java:59)&#13;
	at org.springframework.test.util.AssertionErrors.assertEquals(AssertionErrors.java:122)&#13;
	at org.springframework.test.web.servlet.result.StatusResultMatchers.lambda$is$1(StatusResultMatchers.java:63)&#13;
	at org.springframework.test.web.servlet.MockMvc$1.andExpect(MockMvc.java:196)&#13;
	at com.eatza.restaurantsearchservice.controller.RestaurantControllerTest.getAllRestaurants_zeroPage(RestaurantControllerTest.java:94)&#13;
	at sun.reflect.NativeMethodAccessorImpl.invoke0(Native Method)&#13;
	at sun.reflect.NativeMethodAccessorImpl.invoke(Unknown Source)&#13;
	at sun.reflect.DelegatingMethodAccessorImpl.invoke(Unknown Source)&#13;
	at java.lang.reflect.Method.invoke(Unknown Source)&#13;
	at org.junit.runners.model.FrameworkMethod$1.runReflectiveCall(FrameworkMethod.java:59)&#13;
	at org.junit.internal.runners.model.ReflectiveCallable.run(ReflectiveCallable.java:12)&#13;
	at org.junit.runners.model.FrameworkMethod.invokeExplosively(FrameworkMethod.java:56)&#13;
	at org.junit.internal.runners.statements.InvokeMethod.evaluate(InvokeMethod.java:17)&#13;
	at org.springframework.test.context.junit4.statements.RunBeforeTestExecutionCallbacks.evaluate(RunBeforeTestExecutionCallbacks.java:74)&#13;
	at org.springframework.test.context.junit4.statements.RunAfterTestExecutionCallbacks.evaluate(RunAfterTestExecutionCallbacks.java:84)&#13;
	at org.junit.internal.runners.statements.RunBefores.evaluate(RunBefores.java:26)&#13;
	at org.springframework.test.context.junit4.statements.RunBeforeTestMethodCallbacks.evaluate(RunBeforeTestMethodCallbacks.java:75)&#13;
	at org.springframework.test.context.junit4.statements.RunAfterTestMethodCallbacks.evaluate(RunAfterTestMethodCallbacks.java:86)&#13;
	at org.springframework.test.context.junit4.statements.SpringRepeat.evaluate(SpringRepeat.java:84)&#13;
	at org.junit.runners.ParentRunner.runLeaf(ParentRunner.java:366)&#13;
	at org.springframework.test.context.junit4.SpringJUnit4ClassRunner.runChild(SpringJUnit4ClassRunner.java:251)&#13;
	at org.springframework.test.context.junit4.SpringJUnit4ClassRunner.runChild(SpringJUnit4ClassRunner.java:97)&#13;
	at org.junit.runners.ParentRunner$4.run(ParentRunner.java:331)&#13;
	at org.junit.runners.ParentRunner$1.schedule(ParentRunner.java:79)&#13;
	at org.junit.runners.ParentRunner.runChildren(ParentRunner.java:329)&#13;
	at org.junit.runners.ParentRunner.access$100(ParentRunner.java:66)&#13;
	at org.junit.runners.ParentRunner$2.evaluate(ParentRunner.java:293)&#13;
	at org.springframework.test.context.junit4.statements.RunBeforeTestClassCallbacks.evaluate(RunBeforeTestClassCallbacks.java:61)&#13;
	at org.springframework.test.context.junit4.statements.RunAfterTestClassCallbacks.evaluate(RunAfterTestClassCallbacks.java:70)&#13;
	at org.junit.runners.ParentRunner$3.evaluate(ParentRunner.java:306)&#13;
	at org.junit.runners.ParentRunner.run(ParentRunner.java:413)&#13;
	at org.springframework.test.context.junit4.SpringJUnit4ClassRunner.run(SpringJUnit4ClassRunner.java:190)&#13;
	at org.junit.runner.JUnitCore.run(JUnitCore.java:137)&#13;
	at org.junit.runner.JUnitCore.run(JUnitCore.java:115)&#13;
	at org.junit.vintage.engine.execution.RunnerExecutor.execute(RunnerExecutor.java:43)&#13;
	at java.util.stream.ForEachOps$ForEachOp$OfRef.accept(Unknown Source)&#13;
	at java.util.stream.ReferencePipeline$3$1.accept(Unknown Source)&#13;
	at java.util.Iterator.forEachRemaining(Unknown Source)&#13;
	at java.util.Spliterators$IteratorSpliterator.forEachRemaining(Unknown Source)&#13;
	at java.util.stream.AbstractPipeline.copyInto(Unknown Source)&#13;
	at java.util.stream.AbstractPipeline.wrapAndCopyInto(Unknown Source)&#13;
	at java.util.stream.ForEachOps$ForEachOp.evaluateSequential(Unknown Source)&#13;
	at java.util.stream.ForEachOps$ForEachOp$OfRef.evaluateSequential(Unknown Source)&#13;
	at java.util.stream.AbstractPipeline.evaluate(Unknown Source)&#13;
	at java.util.stream.ReferencePipeline.forEach(Unknown Source)&#13;
	at org.junit.vintage.engine.VintageTestEngine.executeAllChildren(VintageTestEngine.java:82)&#13;
	at org.junit.vintage.engine.VintageTestEngine.execute(VintageTestEngine.java:73)&#13;
	at org.junit.platform.launcher.core.DefaultLauncher.execute(DefaultLauncher.java:248)&#13;
	at org.junit.platform.launcher.core.DefaultLauncher.lambda$execute$5(DefaultLauncher.java:211)&#13;
	at org.junit.platform.launcher.core.DefaultLauncher.withInterceptedStreams(DefaultLauncher.java:226)&#13;
	at org.junit.platform.launcher.core.DefaultLauncher.execute(DefaultLauncher.java:199)&#13;
	at org.junit.platform.launcher.core.DefaultLauncher.execute(DefaultLauncher.java:141)&#13;
	at org.eclipse.jdt.internal.junit5.runner.JUnit5TestReference.run(JUnit5TestReference.java:98)&#13;
	at org.eclipse.jdt.internal.junit.runner.TestExecution.run(TestExecution.java:41)&#13;
	at org.eclipse.jdt.internal.junit.runner.RemoteTestRunner.runTests(RemoteTestRunner.java:542)&#13;
	at org.eclipse.jdt.internal.junit.runner.RemoteTestRunner.runTests(RemoteTestRunner.java:770)&#13;
	at org.eclipse.jdt.internal.junit.runner.RemoteTestRunner.run(RemoteTestRunner.java:464)&#13;
	at org.eclipse.jdt.internal.junit.runner.RemoteTestRunner.main(RemoteTestRunner.java:210)&#13;
&#13;
</failure>
    </testcase>
    <testcase name="getRestaurantsByLocationAndCuisine_empty" classname="com.eatza.restaurantsearchservice.controller.RestaurantControllerTest" time="4.616" displayname="getRestaurantsByLocationAndCuisine_empty" uniqueid="[engine:junit-vintage]/[runner:com.eatza.restaurantsearchservice.controller.RestaurantControllerTest]/[test:getRestaurantsByLocationAndCuisine_empty(com.eatza.restaurantsearchservice.controller.RestaurantControllerTest)]"/>
  </testsuite>
  <testsuite name="com.eatza.restaurantsearchservice.controller.JwtControllerTest" time="0.242" displayname="JwtControllerTest" uniqueid="[engine:junit-vintage]/[runner:com.eatza.restaurantsearchservice.controller.JwtControllerTest]">
    <testcase name="enroll" classname="com.eatza.restaurantsearchservice.controller.JwtControllerTest" time="0.242" displayname="enroll" uniqueid="[engine:junit-vintage]/[runner:com.eatza.restaurantsearchservice.controller.JwtControllerTest]/[test:enroll(com.eatza.restaurantsearchservice.controller.JwtControllerTest)]"/>
  </testsuite>
  <testsuite name="com.eatza.restaurantsearchservice.service.RestaurantServiceTest" time="0.21" displayname="RestaurantServiceTest" uniqueid="[engine:junit-vintage]/[runner:com.eatza.restaurantsearchservice.service.RestaurantServiceTest]">
    <testcase name="findByLocationAndCuisine" classname="com.eatza.restaurantsearchservice.service.RestaurantServiceTest" time="0.124" displayname="findByLocationAndCuisine" uniqueid="[engine:junit-vintage]/[runner:com.eatza.restaurantsearchservice.service.RestaurantServiceTest]/[test:findByLocationAndCuisine(com.eatza.restaurantsearchservice.service.RestaurantServiceTest)]"/>
    <testcase name="findMenuItemByRestaurantId_basic" classname="com.eatza.restaurantsearchservice.service.RestaurantServiceTest" time="0.011" displayname="findMenuItemByRestaurantId_basic" uniqueid="[engine:junit-vintage]/[runner:com.eatza.restaurantsearchservice.service.RestaurantServiceTest]/[test:findMenuItemByRestaurantId_basic(com.eatza.restaurantsearchservice.service.RestaurantServiceTest)]"/>
    <testcase name="findById" classname="com.eatza.restaurantsearchservice.service.RestaurantServiceTest" time="0.007" displayname="findById" uniqueid="[engine:junit-vintage]/[runner:com.eatza.restaurantsearchservice.service.RestaurantServiceTest]/[test:findById(com.eatza.restaurantsearchservice.service.RestaurantServiceTest)]"/>
    <testcase name="findByName" classname="com.eatza.restaurantsearchservice.service.RestaurantServiceTest" time="0.009" displayname="findByName" uniqueid="[engine:junit-vintage]/[runner:com.eatza.restaurantsearchservice.service.RestaurantServiceTest]/[test:findByName(com.eatza.restaurantsearchservice.service.RestaurantServiceTest)]"/>
    <testcase name="getAllRestaurants" classname="com.eatza.restaurantsearchservice.service.RestaurantServiceTest" time="0.008" displayname="getAllRestaurants" uniqueid="[engine:junit-vintage]/[runner:com.eatza.restaurantsearchservice.service.RestaurantServiceTest]/[test:getAllRestaurants(com.eatza.restaurantsearchservice.service.RestaurantServiceTest)]"/>
    <testcase name="findByLocationAndName" classname="com.eatza.restaurantsearchservice.service.RestaurantServiceTest" time="0.009" displayname="findByLocationAndName" uniqueid="[engine:junit-vintage]/[runner:com.eatza.restaurantsearchservice.service.RestaurantServiceTest]/[test:findByLocationAndName(com.eatza.restaurantsearchservice.service.RestaurantServiceTest)]"/>
    <testcase name="saveRestaurant" classname="com.eatza.restaurantsearchservice.service.RestaurantServiceTest" time="0.008" displayname="saveRestaurant" uniqueid="[engine:junit-vintage]/[runner:com.eatza.restaurantsearchservice.service.RestaurantServiceTest]/[test:saveRestaurant(com.eatza.restaurantsearchservice.service.RestaurantServiceTest)]"/>
    <testcase name="findByBudget" classname="com.eatza.restaurantsearchservice.service.RestaurantServiceTest" time="0.006" displayname="findByBudget" uniqueid="[engine:junit-vintage]/[runner:com.eatza.restaurantsearchservice.service.RestaurantServiceTest]/[test:findByBudget(com.eatza.restaurantsearchservice.service.RestaurantServiceTest)]"/>
    <testcase name="findById_empty" classname="com.eatza.restaurantsearchservice.service.RestaurantServiceTest" time="0.008" displayname="findById_empty" uniqueid="[engine:junit-vintage]/[runner:com.eatza.restaurantsearchservice.service.RestaurantServiceTest]/[test:findById_empty(com.eatza.restaurantsearchservice.service.RestaurantServiceTest)]"/>
    <testcase name="findMenuItemByRestaurantId_expection" classname="com.eatza.restaurantsearchservice.service.RestaurantServiceTest" time="0.009" displayname="findMenuItemByRestaurantId_expection" uniqueid="[engine:junit-vintage]/[runner:com.eatza.restaurantsearchservice.service.RestaurantServiceTest]/[test:findMenuItemByRestaurantId_expection(com.eatza.restaurantsearchservice.service.RestaurantServiceTest)]"/>
    <testcase name="findByRating" classname="com.eatza.restaurantsearchservice.service.RestaurantServiceTest" time="0.011" displayname="findByRating" uniqueid="[engine:junit-vintage]/[runner:com.eatza.restaurantsearchservice.service.RestaurantServiceTest]/[test:findByRating(com.eatza.restaurantsearchservice.service.RestaurantServiceTest)]"/>
  </testsuite>
  <testsuite name="com.eatza.restaurantsearchservice.service.JwtAuthenticationServiceTest" time="0.074" displayname="JwtAuthenticationServiceTest" uniqueid="[engine:junit-vintage]/[runner:com.eatza.restaurantsearchservice.service.JwtAuthenticationServiceTest]">
    <testcase name="authenticateUser_invalidpassword" classname="com.eatza.restaurantsearchservice.service.JwtAuthenticationServiceTest" time="0.01" displayname="authenticateUser_invalidpassword" uniqueid="[engine:junit-vintage]/[runner:com.eatza.restaurantsearchservice.service.JwtAuthenticationServiceTest]/[test:authenticateUser_invalidpassword(com.eatza.restaurantsearchservice.service.JwtAuthenticationServiceTest)]"/>
    <testcase name="authenticateUser_invalidname" classname="com.eatza.restaurantsearchservice.service.JwtAuthenticationServiceTest" time="0.007" displayname="authenticateUser_invalidname" uniqueid="[engine:junit-vintage]/[runner:com.eatza.restaurantsearchservice.service.JwtAuthenticationServiceTest]/[test:authenticateUser_invalidname(com.eatza.restaurantsearchservice.service.JwtAuthenticationServiceTest)]"/>
    <testcase name="authenticateUser" classname="com.eatza.restaurantsearchservice.service.JwtAuthenticationServiceTest" time="0.057" displayname="authenticateUser" uniqueid="[engine:junit-vintage]/[runner:com.eatza.restaurantsearchservice.service.JwtAuthenticationServiceTest]/[test:authenticateUser(com.eatza.restaurantsearchservice.service.JwtAuthenticationServiceTest)]"/>
  </testsuite>
  <testsuite name="com.eatza.restaurantsearchservice.service.MenuServiceTest" time="0.061" displayname="MenuServiceTest" uniqueid="[engine:junit-vintage]/[runner:com.eatza.restaurantsearchservice.service.MenuServiceTest]">
    <testcase name="saveMenu" classname="com.eatza.restaurantsearchservice.service.MenuServiceTest" time="0.006" displayname="saveMenu" uniqueid="[engine:junit-vintage]/[runner:com.eatza.restaurantsearchservice.service.MenuServiceTest]/[test:saveMenu(com.eatza.restaurantsearchservice.service.MenuServiceTest)]"/>
    <testcase name="getMenuByRestaurantId" classname="com.eatza.restaurantsearchservice.service.MenuServiceTest" time="0.005" displayname="getMenuByRestaurantId" uniqueid="[engine:junit-vintage]/[runner:com.eatza.restaurantsearchservice.service.MenuServiceTest]/[test:getMenuByRestaurantId(com.eatza.restaurantsearchservice.service.MenuServiceTest)]"/>
    <testcase name="getMenuById" classname="com.eatza.restaurantsearchservice.service.MenuServiceTest" time="0.05" displayname="getMenuById" uniqueid="[engine:junit-vintage]/[runner:com.eatza.restaurantsearchservice.service.MenuServiceTest]/[test:getMenuById(com.eatza.restaurantsearchservice.service.MenuServiceTest)]"/>
  </testsuite>
  <testsuite name="com.eatza.restaurantsearchservice.service.MenuItemServiceTest" time="7.986" displayname="MenuItemServiceTest" uniqueid="[engine:junit-vintage]/[runner:com.eatza.restaurantsearchservice.service.MenuItemServiceTest]">
    <testcase name="findByNameOfRestaurant_exception" classname="com.eatza.restaurantsearchservice.service.MenuItemServiceTest" time="0.006" displayname="findByNameOfRestaurant_exception" uniqueid="[engine:junit-vintage]/[runner:com.eatza.restaurantsearchservice.service.MenuItemServiceTest]/[test:findByNameOfRestaurant_exception(com.eatza.restaurantsearchservice.service.MenuItemServiceTest)]"/>
    <testcase name="findByNameOfRestaurant_empty" classname="com.eatza.restaurantsearchservice.service.MenuItemServiceTest" time="0.006" displayname="findByNameOfRestaurant_empty" uniqueid="[engine:junit-vintage]/[runner:com.eatza.restaurantsearchservice.service.MenuItemServiceTest]/[test:findByNameOfRestaurant_empty(com.eatza.restaurantsearchservice.service.MenuItemServiceTest)]"/>
    <testcase name="saveMenuItem_error" classname="com.eatza.restaurantsearchservice.service.MenuItemServiceTest" time="0.005" displayname="saveMenuItem_error" uniqueid="[engine:junit-vintage]/[runner:com.eatza.restaurantsearchservice.service.MenuItemServiceTest]/[test:saveMenuItem_error(com.eatza.restaurantsearchservice.service.MenuItemServiceTest)]"/>
    <testcase name="findById" classname="com.eatza.restaurantsearchservice.service.MenuItemServiceTest" time="0.005" displayname="findById" uniqueid="[engine:junit-vintage]/[runner:com.eatza.restaurantsearchservice.service.MenuItemServiceTest]/[test:findById(com.eatza.restaurantsearchservice.service.MenuItemServiceTest)]"/>
    <testcase name="saveMenuItem" classname="com.eatza.restaurantsearchservice.service.MenuItemServiceTest" time="0.006" displayname="saveMenuItem" uniqueid="[engine:junit-vintage]/[runner:com.eatza.restaurantsearchservice.service.MenuItemServiceTest]/[test:saveMenuItem(com.eatza.restaurantsearchservice.service.MenuItemServiceTest)]"/>
    <testcase name="findByNameOfRestaurant" classname="com.eatza.restaurantsearchservice.service.MenuItemServiceTest" time="0.006" displayname="findByNameOfRestaurant" uniqueid="[engine:junit-vintage]/[runner:com.eatza.restaurantsearchservice.service.MenuItemServiceTest]/[test:findByNameOfRestaurant(com.eatza.restaurantsearchservice.service.MenuItemServiceTest)]"/>
    <testcase name="findByMenuId" classname="com.eatza.restaurantsearchservice.service.MenuItemServiceTest" time="7.952" displayname="findByMenuId" uniqueid="[engine:junit-vintage]/[runner:com.eatza.restaurantsearchservice.service.MenuItemServiceTest]/[test:findByMenuId(com.eatza.restaurantsearchservice.service.MenuItemServiceTest)]"/>
  </testsuite>
  <testsuite name="com.eatza.restaurantsearchservice.repository.RestaurantRepositoryTest" time="27.05" displayname="RestaurantRepositoryTest" uniqueid="[engine:junit-vintage]/[runner:com.eatza.restaurantsearchservice.repository.RestaurantRepositoryTest]">
    <testcase name="findByRatingGreaterThanEqual" classname="com.eatza.restaurantsearchservice.repository.RestaurantRepositoryTest" time="0.004" displayname="findByRatingGreaterThanEqual" uniqueid="[engine:junit-vintage]/[runner:com.eatza.restaurantsearchservice.repository.RestaurantRepositoryTest]/[test:findByRatingGreaterThanEqual(com.eatza.restaurantsearchservice.repository.RestaurantRepositoryTest)]">
      <error>java.lang.IllegalStateException: Failed to load ApplicationContext&#13;
	at org.springframework.test.context.cache.DefaultCacheAwareContextLoaderDelegate.loadContext(DefaultCacheAwareContextLoaderDelegate.java:132)&#13;
	at org.springframework.test.context.support.DefaultTestContext.getApplicationContext(DefaultTestContext.java:123)&#13;
	at org.springframework.test.context.support.DependencyInjectionTestExecutionListener.injectDependencies(DependencyInjectionTestExecutionListener.java:118)&#13;
	at org.springframework.test.context.support.DependencyInjectionTestExecutionListener.prepareTestInstance(DependencyInjectionTestExecutionListener.java:83)&#13;
	at org.springframework.boot.test.autoconfigure.SpringBootDependencyInjectionTestExecutionListener.prepareTestInstance(SpringBootDependencyInjectionTestExecutionListener.java:43)&#13;
	at org.springframework.test.context.TestContextManager.prepareTestInstance(TestContextManager.java:244)&#13;
	at org.springframework.test.context.junit4.SpringJUnit4ClassRunner.createTest(SpringJUnit4ClassRunner.java:227)&#13;
	at org.springframework.test.context.junit4.SpringJUnit4ClassRunner$1.runReflectiveCall(SpringJUnit4ClassRunner.java:289)&#13;
	at org.junit.internal.runners.model.ReflectiveCallable.run(ReflectiveCallable.java:12)&#13;
	at org.springframework.test.context.junit4.SpringJUnit4ClassRunner.methodBlock(SpringJUnit4ClassRunner.java:291)&#13;
	at org.springframework.test.context.junit4.SpringJUnit4ClassRunner.runChild(SpringJUnit4ClassRunner.java:246)&#13;
	at org.springframework.test.context.junit4.SpringJUnit4ClassRunner.runChild(SpringJUnit4ClassRunner.java:97)&#13;
	at org.junit.runners.ParentRunner$4.run(ParentRunner.java:331)&#13;
	at org.junit.runners.ParentRunner$1.schedule(ParentRunner.java:79)&#13;
	at org.junit.runners.ParentRunner.runChildren(ParentRunner.java:329)&#13;
	at org.junit.runners.ParentRunner.access$100(ParentRunner.java:66)&#13;
	at org.junit.runners.ParentRunner$2.evaluate(ParentRunner.java:293)&#13;
	at org.springframework.test.context.junit4.statements.RunBeforeTestClassCallbacks.evaluate(RunBeforeTestClassCallbacks.java:61)&#13;
	at org.springframework.test.context.junit4.statements.RunAfterTestClassCallbacks.evaluate(RunAfterTestClassCallbacks.java:70)&#13;
	at org.junit.runners.ParentRunner$3.evaluate(ParentRunner.java:306)&#13;
	at org.junit.runners.ParentRunner.run(ParentRunner.java:413)&#13;
	at org.springframework.test.context.junit4.SpringJUnit4ClassRunner.run(SpringJUnit4ClassRunner.java:190)&#13;
	at org.junit.runner.JUnitCore.run(JUnitCore.java:137)&#13;
	at org.junit.runner.JUnitCore.run(JUnitCore.java:115)&#13;
	at org.junit.vintage.engine.execution.RunnerExecutor.execute(RunnerExecutor.java:43)&#13;
	at java.util.stream.ForEachOps$ForEachOp$OfRef.accept(Unknown Source)&#13;
	at java.util.stream.ReferencePipeline$3$1.accept(Unknown Source)&#13;
	at java.util.Iterator.forEachRemaining(Unknown Source)&#13;
	at java.util.Spliterators$IteratorSpliterator.forEachRemaining(Unknown Source)&#13;
	at java.util.stream.AbstractPipeline.copyInto(Unknown Source)&#13;
	at java.util.stream.AbstractPipeline.wrapAndCopyInto(Unknown Source)&#13;
	at java.util.stream.ForEachOps$ForEachOp.evaluateSequential(Unknown Source)&#13;
	at java.util.stream.ForEachOps$ForEachOp$OfRef.evaluateSequential(Unknown Source)&#13;
	at java.util.stream.AbstractPipeline.evaluate(Unknown Source)&#13;
	at java.util.stream.ReferencePipeline.forEach(Unknown Source)&#13;
	at org.junit.vintage.engine.VintageTestEngine.executeAllChildren(VintageTestEngine.java:82)&#13;
	at org.junit.vintage.engine.VintageTestEngine.execute(VintageTestEngine.java:73)&#13;
	at org.junit.platform.launcher.core.DefaultLauncher.execute(DefaultLauncher.java:248)&#13;
	at org.junit.platform.launcher.core.DefaultLauncher.lambda$execute$5(DefaultLauncher.java:211)&#13;
	at org.junit.platform.launcher.core.DefaultLauncher.withInterceptedStreams(DefaultLauncher.java:226)&#13;
	at org.junit.platform.launcher.core.DefaultLauncher.execute(DefaultLauncher.java:199)&#13;
	at org.junit.platform.launcher.core.DefaultLauncher.execute(DefaultLauncher.java:141)&#13;
	at org.eclipse.jdt.internal.junit5.runner.JUnit5TestReference.run(JUnit5TestReference.java:98)&#13;
	at org.eclipse.jdt.internal.junit.runner.TestExecution.run(TestExecution.java:41)&#13;
	at org.eclipse.jdt.internal.junit.runner.RemoteTestRunner.runTests(RemoteTestRunner.java:542)&#13;
	at org.eclipse.jdt.internal.junit.runner.RemoteTestRunner.runTests(RemoteTestRunner.java:770)&#13;
	at org.eclipse.jdt.internal.junit.runner.RemoteTestRunner.run(RemoteTestRunner.java:464)&#13;
	at org.eclipse.jdt.internal.junit.runner.RemoteTestRunner.main(RemoteTestRunner.java:210)&#13;
Caused by: java.lang.IllegalStateException: Unable to retrieve @EnableAutoConfiguration base packages&#13;
	at org.springframework.boot.autoconfigure.AutoConfigurationPackages.get(AutoConfigurationPackages.java:78)&#13;
	at org.springframework.boot.autoconfigure.data.AbstractRepositoryConfigurationSourceSupport.getBasePackages(AbstractRepositoryConfigurationSourceSupport.java:79)&#13;
	at org.springframework.boot.autoconfigure.data.AbstractRepositoryConfigurationSourceSupport$AutoConfiguredAnnotationRepositoryConfigurationSource.getBasePackages(AbstractRepositoryConfigurationSourceSupport.java:138)&#13;
	at org.springframework.data.repository.config.RepositoryConfigurationSourceSupport.lambda$getCandidates$2(RepositoryConfigurationSourceSupport.java:82)&#13;
	at org.springframework.data.util.LazyStreamable.stream(LazyStreamable.java:50)&#13;
	at org.springframework.data.util.LazyStreamable.iterator(LazyStreamable.java:41)&#13;
	at org.springframework.data.repository.config.RepositoryConfigurationExtensionSupport.getRepositoryConfigurations(RepositoryConfigurationExtensionSupport.java:91)&#13;
	at org.springframework.data.repository.config.RepositoryConfigurationDelegate.registerRepositoriesIn(RepositoryConfigurationDelegate.java:148)&#13;
	at org.springframework.boot.autoconfigure.data.AbstractRepositoryConfigurationSourceSupport.registerBeanDefinitions(AbstractRepositoryConfigurationSourceSupport.java:62)&#13;
	at org.springframework.context.annotation.ConfigurationClassBeanDefinitionReader.lambda$loadBeanDefinitionsFromRegistrars$1(ConfigurationClassBeanDefinitionReader.java:384)&#13;
	at java.util.LinkedHashMap.forEach(Unknown Source)&#13;
	at org.springframework.context.annotation.ConfigurationClassBeanDefinitionReader.loadBeanDefinitionsFromRegistrars(ConfigurationClassBeanDefinitionReader.java:383)&#13;
	at org.springframework.context.annotation.ConfigurationClassBeanDefinitionReader.loadBeanDefinitionsForConfigurationClass(ConfigurationClassBeanDefinitionReader.java:148)&#13;
	at org.springframework.context.annotation.ConfigurationClassBeanDefinitionReader.loadBeanDefinitions(ConfigurationClassBeanDefinitionReader.java:120)&#13;
	at org.springframework.context.annotation.ConfigurationClassPostProcessor.processConfigBeanDefinitions(ConfigurationClassPostProcessor.java:331)&#13;
	at org.springframework.context.annotation.ConfigurationClassPostProcessor.postProcessBeanDefinitionRegistry(ConfigurationClassPostProcessor.java:236)&#13;
	at org.springframework.context.support.PostProcessorRegistrationDelegate.invokeBeanDefinitionRegistryPostProcessors(PostProcessorRegistrationDelegate.java:280)&#13;
	at org.springframework.context.support.PostProcessorRegistrationDelegate.invokeBeanFactoryPostProcessors(PostProcessorRegistrationDelegate.java:96)&#13;
	at org.springframework.context.support.AbstractApplicationContext.invokeBeanFactoryPostProcessors(AbstractApplicationContext.java:707)&#13;
	at org.springframework.context.support.AbstractApplicationContext.refresh(AbstractApplicationContext.java:533)&#13;
	at org.springframework.boot.SpringApplication.refresh(SpringApplication.java:758)&#13;
	at org.springframework.boot.SpringApplication.refresh(SpringApplication.java:750)&#13;
	at org.springframework.boot.SpringApplication.refreshContext(SpringApplication.java:397)&#13;
	at org.springframework.boot.SpringApplication.run(SpringApplication.java:315)&#13;
	at org.springframework.boot.test.context.SpringBootContextLoader.loadContext(SpringBootContextLoader.java:120)&#13;
	at org.springframework.test.context.cache.DefaultCacheAwareContextLoaderDelegate.loadContextInternal(DefaultCacheAwareContextLoaderDelegate.java:99)&#13;
	at org.springframework.test.context.cache.DefaultCacheAwareContextLoaderDelegate.loadContext(DefaultCacheAwareContextLoaderDelegate.java:124)&#13;
	... 47 more&#13;
&#13;
</error>
    </testcase>
    <testcase name="findByLocationContainingAndNameContaining" classname="com.eatza.restaurantsearchservice.repository.RestaurantRepositoryTest" time="0.003" displayname="findByLocationContainingAndNameContaining" uniqueid="[engine:junit-vintage]/[runner:com.eatza.restaurantsearchservice.repository.RestaurantRepositoryTest]/[test:findByLocationContainingAndNameContaining(com.eatza.restaurantsearchservice.repository.RestaurantRepositoryTest)]">
      <error>java.lang.IllegalStateException: Failed to load ApplicationContext&#13;
	at org.springframework.test.context.cache.DefaultCacheAwareContextLoaderDelegate.loadContext(DefaultCacheAwareContextLoaderDelegate.java:132)&#13;
	at org.springframework.test.context.support.DefaultTestContext.getApplicationContext(DefaultTestContext.java:123)&#13;
	at org.springframework.test.context.support.DependencyInjectionTestExecutionListener.injectDependencies(DependencyInjectionTestExecutionListener.java:118)&#13;
	at org.springframework.test.context.support.DependencyInjectionTestExecutionListener.prepareTestInstance(DependencyInjectionTestExecutionListener.java:83)&#13;
	at org.springframework.boot.test.autoconfigure.SpringBootDependencyInjectionTestExecutionListener.prepareTestInstance(SpringBootDependencyInjectionTestExecutionListener.java:43)&#13;
	at org.springframework.test.context.TestContextManager.prepareTestInstance(TestContextManager.java:244)&#13;
	at org.springframework.test.context.junit4.SpringJUnit4ClassRunner.createTest(SpringJUnit4ClassRunner.java:227)&#13;
	at org.springframework.test.context.junit4.SpringJUnit4ClassRunner$1.runReflectiveCall(SpringJUnit4ClassRunner.java:289)&#13;
	at org.junit.internal.runners.model.ReflectiveCallable.run(ReflectiveCallable.java:12)&#13;
	at org.springframework.test.context.junit4.SpringJUnit4ClassRunner.methodBlock(SpringJUnit4ClassRunner.java:291)&#13;
	at org.springframework.test.context.junit4.SpringJUnit4ClassRunner.runChild(SpringJUnit4ClassRunner.java:246)&#13;
	at org.springframework.test.context.junit4.SpringJUnit4ClassRunner.runChild(SpringJUnit4ClassRunner.java:97)&#13;
	at org.junit.runners.ParentRunner$4.run(ParentRunner.java:331)&#13;
	at org.junit.runners.ParentRunner$1.schedule(ParentRunner.java:79)&#13;
	at org.junit.runners.ParentRunner.runChildren(ParentRunner.java:329)&#13;
	at org.junit.runners.ParentRunner.access$100(ParentRunner.java:66)&#13;
	at org.junit.runners.ParentRunner$2.evaluate(ParentRunner.java:293)&#13;
	at org.springframework.test.context.junit4.statements.RunBeforeTestClassCallbacks.evaluate(RunBeforeTestClassCallbacks.java:61)&#13;
	at org.springframework.test.context.junit4.statements.RunAfterTestClassCallbacks.evaluate(RunAfterTestClassCallbacks.java:70)&#13;
	at org.junit.runners.ParentRunner$3.evaluate(ParentRunner.java:306)&#13;
	at org.junit.runners.ParentRunner.run(ParentRunner.java:413)&#13;
	at org.springframework.test.context.junit4.SpringJUnit4ClassRunner.run(SpringJUnit4ClassRunner.java:190)&#13;
	at org.junit.runner.JUnitCore.run(JUnitCore.java:137)&#13;
	at org.junit.runner.JUnitCore.run(JUnitCore.java:115)&#13;
	at org.junit.vintage.engine.execution.RunnerExecutor.execute(RunnerExecutor.java:43)&#13;
	at java.util.stream.ForEachOps$ForEachOp$OfRef.accept(Unknown Source)&#13;
	at java.util.stream.ReferencePipeline$3$1.accept(Unknown Source)&#13;
	at java.util.Iterator.forEachRemaining(Unknown Source)&#13;
	at java.util.Spliterators$IteratorSpliterator.forEachRemaining(Unknown Source)&#13;
	at java.util.stream.AbstractPipeline.copyInto(Unknown Source)&#13;
	at java.util.stream.AbstractPipeline.wrapAndCopyInto(Unknown Source)&#13;
	at java.util.stream.ForEachOps$ForEachOp.evaluateSequential(Unknown Source)&#13;
	at java.util.stream.ForEachOps$ForEachOp$OfRef.evaluateSequential(Unknown Source)&#13;
	at java.util.stream.AbstractPipeline.evaluate(Unknown Source)&#13;
	at java.util.stream.ReferencePipeline.forEach(Unknown Source)&#13;
	at org.junit.vintage.engine.VintageTestEngine.executeAllChildren(VintageTestEngine.java:82)&#13;
	at org.junit.vintage.engine.VintageTestEngine.execute(VintageTestEngine.java:73)&#13;
	at org.junit.platform.launcher.core.DefaultLauncher.execute(DefaultLauncher.java:248)&#13;
	at org.junit.platform.launcher.core.DefaultLauncher.lambda$execute$5(DefaultLauncher.java:211)&#13;
	at org.junit.platform.launcher.core.DefaultLauncher.withInterceptedStreams(DefaultLauncher.java:226)&#13;
	at org.junit.platform.launcher.core.DefaultLauncher.execute(DefaultLauncher.java:199)&#13;
	at org.junit.platform.launcher.core.DefaultLauncher.execute(DefaultLauncher.java:141)&#13;
	at org.eclipse.jdt.internal.junit5.runner.JUnit5TestReference.run(JUnit5TestReference.java:98)&#13;
	at org.eclipse.jdt.internal.junit.runner.TestExecution.run(TestExecution.java:41)&#13;
	at org.eclipse.jdt.internal.junit.runner.RemoteTestRunner.runTests(RemoteTestRunner.java:542)&#13;
	at org.eclipse.jdt.internal.junit.runner.RemoteTestRunner.runTests(RemoteTestRunner.java:770)&#13;
	at org.eclipse.jdt.internal.junit.runner.RemoteTestRunner.run(RemoteTestRunner.java:464)&#13;
	at org.eclipse.jdt.internal.junit.runner.RemoteTestRunner.main(RemoteTestRunner.java:210)&#13;
Caused by: java.lang.IllegalStateException: Unable to retrieve @EnableAutoConfiguration base packages&#13;
	at org.springframework.boot.autoconfigure.AutoConfigurationPackages.get(AutoConfigurationPackages.java:78)&#13;
	at org.springframework.boot.autoconfigure.data.AbstractRepositoryConfigurationSourceSupport.getBasePackages(AbstractRepositoryConfigurationSourceSupport.java:79)&#13;
	at org.springframework.boot.autoconfigure.data.AbstractRepositoryConfigurationSourceSupport$AutoConfiguredAnnotationRepositoryConfigurationSource.getBasePackages(AbstractRepositoryConfigurationSourceSupport.java:138)&#13;
	at org.springframework.data.repository.config.RepositoryConfigurationSourceSupport.lambda$getCandidates$2(RepositoryConfigurationSourceSupport.java:82)&#13;
	at org.springframework.data.util.LazyStreamable.stream(LazyStreamable.java:50)&#13;
	at org.springframework.data.util.LazyStreamable.iterator(LazyStreamable.java:41)&#13;
	at org.springframework.data.repository.config.RepositoryConfigurationExtensionSupport.getRepositoryConfigurations(RepositoryConfigurationExtensionSupport.java:91)&#13;
	at org.springframework.data.repository.config.RepositoryConfigurationDelegate.registerRepositoriesIn(RepositoryConfigurationDelegate.java:148)&#13;
	at org.springframework.boot.autoconfigure.data.AbstractRepositoryConfigurationSourceSupport.registerBeanDefinitions(AbstractRepositoryConfigurationSourceSupport.java:62)&#13;
	at org.springframework.context.annotation.ConfigurationClassBeanDefinitionReader.lambda$loadBeanDefinitionsFromRegistrars$1(ConfigurationClassBeanDefinitionReader.java:384)&#13;
	at java.util.LinkedHashMap.forEach(Unknown Source)&#13;
	at org.springframework.context.annotation.ConfigurationClassBeanDefinitionReader.loadBeanDefinitionsFromRegistrars(ConfigurationClassBeanDefinitionReader.java:383)&#13;
	at org.springframework.context.annotation.ConfigurationClassBeanDefinitionReader.loadBeanDefinitionsForConfigurationClass(ConfigurationClassBeanDefinitionReader.java:148)&#13;
	at org.springframework.context.annotation.ConfigurationClassBeanDefinitionReader.loadBeanDefinitions(ConfigurationClassBeanDefinitionReader.java:120)&#13;
	at org.springframework.context.annotation.ConfigurationClassPostProcessor.processConfigBeanDefinitions(ConfigurationClassPostProcessor.java:331)&#13;
	at org.springframework.context.annotation.ConfigurationClassPostProcessor.postProcessBeanDefinitionRegistry(ConfigurationClassPostProcessor.java:236)&#13;
	at org.springframework.context.support.PostProcessorRegistrationDelegate.invokeBeanDefinitionRegistryPostProcessors(PostProcessorRegistrationDelegate.java:280)&#13;
	at org.springframework.context.support.PostProcessorRegistrationDelegate.invokeBeanFactoryPostProcessors(PostProcessorRegistrationDelegate.java:96)&#13;
	at org.springframework.context.support.AbstractApplicationContext.invokeBeanFactoryPostProcessors(AbstractApplicationContext.java:707)&#13;
	at org.springframework.context.support.AbstractApplicationContext.refresh(AbstractApplicationContext.java:533)&#13;
	at org.springframework.boot.SpringApplication.refresh(SpringApplication.java:758)&#13;
	at org.springframework.boot.SpringApplication.refresh(SpringApplication.java:750)&#13;
	at org.springframework.boot.SpringApplication.refreshContext(SpringApplication.java:397)&#13;
	at org.springframework.boot.SpringApplication.run(SpringApplication.java:315)&#13;
	at org.springframework.boot.test.context.SpringBootContextLoader.loadContext(SpringBootContextLoader.java:120)&#13;
	at org.springframework.test.context.cache.DefaultCacheAwareContextLoaderDelegate.loadContextInternal(DefaultCacheAwareContextLoaderDelegate.java:99)&#13;
	at org.springframework.test.context.cache.DefaultCacheAwareContextLoaderDelegate.loadContext(DefaultCacheAwareContextLoaderDelegate.java:124)&#13;
	... 47 more&#13;
&#13;
</error>
    </testcase>
    <testcase name="findAll" classname="com.eatza.restaurantsearchservice.repository.RestaurantRepositoryTest" time="0.001" displayname="findAll" uniqueid="[engine:junit-vintage]/[runner:com.eatza.restaurantsearchservice.repository.RestaurantRepositoryTest]/[test:findAll(com.eatza.restaurantsearchservice.repository.RestaurantRepositoryTest)]">
      <error>java.lang.IllegalStateException: Failed to load ApplicationContext&#13;
	at org.springframework.test.context.cache.DefaultCacheAwareContextLoaderDelegate.loadContext(DefaultCacheAwareContextLoaderDelegate.java:132)&#13;
	at org.springframework.test.context.support.DefaultTestContext.getApplicationContext(DefaultTestContext.java:123)&#13;
	at org.springframework.test.context.support.DependencyInjectionTestExecutionListener.injectDependencies(DependencyInjectionTestExecutionListener.java:118)&#13;
	at org.springframework.test.context.support.DependencyInjectionTestExecutionListener.prepareTestInstance(DependencyInjectionTestExecutionListener.java:83)&#13;
	at org.springframework.boot.test.autoconfigure.SpringBootDependencyInjectionTestExecutionListener.prepareTestInstance(SpringBootDependencyInjectionTestExecutionListener.java:43)&#13;
	at org.springframework.test.context.TestContextManager.prepareTestInstance(TestContextManager.java:244)&#13;
	at org.springframework.test.context.junit4.SpringJUnit4ClassRunner.createTest(SpringJUnit4ClassRunner.java:227)&#13;
	at org.springframework.test.context.junit4.SpringJUnit4ClassRunner$1.runReflectiveCall(SpringJUnit4ClassRunner.java:289)&#13;
	at org.junit.internal.runners.model.ReflectiveCallable.run(ReflectiveCallable.java:12)&#13;
	at org.springframework.test.context.junit4.SpringJUnit4ClassRunner.methodBlock(SpringJUnit4ClassRunner.java:291)&#13;
	at org.springframework.test.context.junit4.SpringJUnit4ClassRunner.runChild(SpringJUnit4ClassRunner.java:246)&#13;
	at org.springframework.test.context.junit4.SpringJUnit4ClassRunner.runChild(SpringJUnit4ClassRunner.java:97)&#13;
	at org.junit.runners.ParentRunner$4.run(ParentRunner.java:331)&#13;
	at org.junit.runners.ParentRunner$1.schedule(ParentRunner.java:79)&#13;
	at org.junit.runners.ParentRunner.runChildren(ParentRunner.java:329)&#13;
	at org.junit.runners.ParentRunner.access$100(ParentRunner.java:66)&#13;
	at org.junit.runners.ParentRunner$2.evaluate(ParentRunner.java:293)&#13;
	at org.springframework.test.context.junit4.statements.RunBeforeTestClassCallbacks.evaluate(RunBeforeTestClassCallbacks.java:61)&#13;
	at org.springframework.test.context.junit4.statements.RunAfterTestClassCallbacks.evaluate(RunAfterTestClassCallbacks.java:70)&#13;
	at org.junit.runners.ParentRunner$3.evaluate(ParentRunner.java:306)&#13;
	at org.junit.runners.ParentRunner.run(ParentRunner.java:413)&#13;
	at org.springframework.test.context.junit4.SpringJUnit4ClassRunner.run(SpringJUnit4ClassRunner.java:190)&#13;
	at org.junit.runner.JUnitCore.run(JUnitCore.java:137)&#13;
	at org.junit.runner.JUnitCore.run(JUnitCore.java:115)&#13;
	at org.junit.vintage.engine.execution.RunnerExecutor.execute(RunnerExecutor.java:43)&#13;
	at java.util.stream.ForEachOps$ForEachOp$OfRef.accept(Unknown Source)&#13;
	at java.util.stream.ReferencePipeline$3$1.accept(Unknown Source)&#13;
	at java.util.Iterator.forEachRemaining(Unknown Source)&#13;
	at java.util.Spliterators$IteratorSpliterator.forEachRemaining(Unknown Source)&#13;
	at java.util.stream.AbstractPipeline.copyInto(Unknown Source)&#13;
	at java.util.stream.AbstractPipeline.wrapAndCopyInto(Unknown Source)&#13;
	at java.util.stream.ForEachOps$ForEachOp.evaluateSequential(Unknown Source)&#13;
	at java.util.stream.ForEachOps$ForEachOp$OfRef.evaluateSequential(Unknown Source)&#13;
	at java.util.stream.AbstractPipeline.evaluate(Unknown Source)&#13;
	at java.util.stream.ReferencePipeline.forEach(Unknown Source)&#13;
	at org.junit.vintage.engine.VintageTestEngine.executeAllChildren(VintageTestEngine.java:82)&#13;
	at org.junit.vintage.engine.VintageTestEngine.execute(VintageTestEngine.java:73)&#13;
	at org.junit.platform.launcher.core.DefaultLauncher.execute(DefaultLauncher.java:248)&#13;
	at org.junit.platform.launcher.core.DefaultLauncher.lambda$execute$5(DefaultLauncher.java:211)&#13;
	at org.junit.platform.launcher.core.DefaultLauncher.withInterceptedStreams(DefaultLauncher.java:226)&#13;
	at org.junit.platform.launcher.core.DefaultLauncher.execute(DefaultLauncher.java:199)&#13;
	at org.junit.platform.launcher.core.DefaultLauncher.execute(DefaultLauncher.java:141)&#13;
	at org.eclipse.jdt.internal.junit5.runner.JUnit5TestReference.run(JUnit5TestReference.java:98)&#13;
	at org.eclipse.jdt.internal.junit.runner.TestExecution.run(TestExecution.java:41)&#13;
	at org.eclipse.jdt.internal.junit.runner.RemoteTestRunner.runTests(RemoteTestRunner.java:542)&#13;
	at org.eclipse.jdt.internal.junit.runner.RemoteTestRunner.runTests(RemoteTestRunner.java:770)&#13;
	at org.eclipse.jdt.internal.junit.runner.RemoteTestRunner.run(RemoteTestRunner.java:464)&#13;
	at org.eclipse.jdt.internal.junit.runner.RemoteTestRunner.main(RemoteTestRunner.java:210)&#13;
Caused by: java.lang.IllegalStateException: Unable to retrieve @EnableAutoConfiguration base packages&#13;
	at org.springframework.boot.autoconfigure.AutoConfigurationPackages.get(AutoConfigurationPackages.java:78)&#13;
	at org.springframework.boot.autoconfigure.data.AbstractRepositoryConfigurationSourceSupport.getBasePackages(AbstractRepositoryConfigurationSourceSupport.java:79)&#13;
	at org.springframework.boot.autoconfigure.data.AbstractRepositoryConfigurationSourceSupport$AutoConfiguredAnnotationRepositoryConfigurationSource.getBasePackages(AbstractRepositoryConfigurationSourceSupport.java:138)&#13;
	at org.springframework.data.repository.config.RepositoryConfigurationSourceSupport.lambda$getCandidates$2(RepositoryConfigurationSourceSupport.java:82)&#13;
	at org.springframework.data.util.LazyStreamable.stream(LazyStreamable.java:50)&#13;
	at org.springframework.data.util.LazyStreamable.iterator(LazyStreamable.java:41)&#13;
	at org.springframework.data.repository.config.RepositoryConfigurationExtensionSupport.getRepositoryConfigurations(RepositoryConfigurationExtensionSupport.java:91)&#13;
	at org.springframework.data.repository.config.RepositoryConfigurationDelegate.registerRepositoriesIn(RepositoryConfigurationDelegate.java:148)&#13;
	at org.springframework.boot.autoconfigure.data.AbstractRepositoryConfigurationSourceSupport.registerBeanDefinitions(AbstractRepositoryConfigurationSourceSupport.java:62)&#13;
	at org.springframework.context.annotation.ConfigurationClassBeanDefinitionReader.lambda$loadBeanDefinitionsFromRegistrars$1(ConfigurationClassBeanDefinitionReader.java:384)&#13;
	at java.util.LinkedHashMap.forEach(Unknown Source)&#13;
	at org.springframework.context.annotation.ConfigurationClassBeanDefinitionReader.loadBeanDefinitionsFromRegistrars(ConfigurationClassBeanDefinitionReader.java:383)&#13;
	at org.springframework.context.annotation.ConfigurationClassBeanDefinitionReader.loadBeanDefinitionsForConfigurationClass(ConfigurationClassBeanDefinitionReader.java:148)&#13;
	at org.springframework.context.annotation.ConfigurationClassBeanDefinitionReader.loadBeanDefinitions(ConfigurationClassBeanDefinitionReader.java:120)&#13;
	at org.springframework.context.annotation.ConfigurationClassPostProcessor.processConfigBeanDefinitions(ConfigurationClassPostProcessor.java:331)&#13;
	at org.springframework.context.annotation.ConfigurationClassPostProcessor.postProcessBeanDefinitionRegistry(ConfigurationClassPostProcessor.java:236)&#13;
	at org.springframework.context.support.PostProcessorRegistrationDelegate.invokeBeanDefinitionRegistryPostProcessors(PostProcessorRegistrationDelegate.java:280)&#13;
	at org.springframework.context.support.PostProcessorRegistrationDelegate.invokeBeanFactoryPostProcessors(PostProcessorRegistrationDelegate.java:96)&#13;
	at org.springframework.context.support.AbstractApplicationContext.invokeBeanFactoryPostProcessors(AbstractApplicationContext.java:707)&#13;
	at org.springframework.context.support.AbstractApplicationContext.refresh(AbstractApplicationContext.java:533)&#13;
	at org.springframework.boot.SpringApplication.refresh(SpringApplication.java:758)&#13;
	at org.springframework.boot.SpringApplication.refresh(SpringApplication.java:750)&#13;
	at org.springframework.boot.SpringApplication.refreshContext(SpringApplication.java:397)&#13;
	at org.springframework.boot.SpringApplication.run(SpringApplication.java:315)&#13;
	at org.springframework.boot.test.context.SpringBootContextLoader.loadContext(SpringBootContextLoader.java:120)&#13;
	at org.springframework.test.context.cache.DefaultCacheAwareContextLoaderDelegate.loadContextInternal(DefaultCacheAwareContextLoaderDelegate.java:99)&#13;
	at org.springframework.test.context.cache.DefaultCacheAwareContextLoaderDelegate.loadContext(DefaultCacheAwareContextLoaderDelegate.java:124)&#13;
	... 47 more&#13;
&#13;
</error>
    </testcase>
    <testcase name="findByLocationContainingAndCuisineContaining" classname="com.eatza.restaurantsearchservice.repository.RestaurantRepositoryTest" time="0.004" displayname="findByLocationContainingAndCuisineContaining" uniqueid="[engine:junit-vintage]/[runner:com.eatza.restaurantsearchservice.repository.RestaurantRepositoryTest]/[test:findByLocationContainingAndCuisineContaining(com.eatza.restaurantsearchservice.repository.RestaurantRepositoryTest)]">
      <error>java.lang.IllegalStateException: Failed to load ApplicationContext&#13;
	at org.springframework.test.context.cache.DefaultCacheAwareContextLoaderDelegate.loadContext(DefaultCacheAwareContextLoaderDelegate.java:132)&#13;
	at org.springframework.test.context.support.DefaultTestContext.getApplicationContext(DefaultTestContext.java:123)&#13;
	at org.springframework.test.context.support.DependencyInjectionTestExecutionListener.injectDependencies(DependencyInjectionTestExecutionListener.java:118)&#13;
	at org.springframework.test.context.support.DependencyInjectionTestExecutionListener.prepareTestInstance(DependencyInjectionTestExecutionListener.java:83)&#13;
	at org.springframework.boot.test.autoconfigure.SpringBootDependencyInjectionTestExecutionListener.prepareTestInstance(SpringBootDependencyInjectionTestExecutionListener.java:43)&#13;
	at org.springframework.test.context.TestContextManager.prepareTestInstance(TestContextManager.java:244)&#13;
	at org.springframework.test.context.junit4.SpringJUnit4ClassRunner.createTest(SpringJUnit4ClassRunner.java:227)&#13;
	at org.springframework.test.context.junit4.SpringJUnit4ClassRunner$1.runReflectiveCall(SpringJUnit4ClassRunner.java:289)&#13;
	at org.junit.internal.runners.model.ReflectiveCallable.run(ReflectiveCallable.java:12)&#13;
	at org.springframework.test.context.junit4.SpringJUnit4ClassRunner.methodBlock(SpringJUnit4ClassRunner.java:291)&#13;
	at org.springframework.test.context.junit4.SpringJUnit4ClassRunner.runChild(SpringJUnit4ClassRunner.java:246)&#13;
	at org.springframework.test.context.junit4.SpringJUnit4ClassRunner.runChild(SpringJUnit4ClassRunner.java:97)&#13;
	at org.junit.runners.ParentRunner$4.run(ParentRunner.java:331)&#13;
	at org.junit.runners.ParentRunner$1.schedule(ParentRunner.java:79)&#13;
	at org.junit.runners.ParentRunner.runChildren(ParentRunner.java:329)&#13;
	at org.junit.runners.ParentRunner.access$100(ParentRunner.java:66)&#13;
	at org.junit.runners.ParentRunner$2.evaluate(ParentRunner.java:293)&#13;
	at org.springframework.test.context.junit4.statements.RunBeforeTestClassCallbacks.evaluate(RunBeforeTestClassCallbacks.java:61)&#13;
	at org.springframework.test.context.junit4.statements.RunAfterTestClassCallbacks.evaluate(RunAfterTestClassCallbacks.java:70)&#13;
	at org.junit.runners.ParentRunner$3.evaluate(ParentRunner.java:306)&#13;
	at org.junit.runners.ParentRunner.run(ParentRunner.java:413)&#13;
	at org.springframework.test.context.junit4.SpringJUnit4ClassRunner.run(SpringJUnit4ClassRunner.java:190)&#13;
	at org.junit.runner.JUnitCore.run(JUnitCore.java:137)&#13;
	at org.junit.runner.JUnitCore.run(JUnitCore.java:115)&#13;
	at org.junit.vintage.engine.execution.RunnerExecutor.execute(RunnerExecutor.java:43)&#13;
	at java.util.stream.ForEachOps$ForEachOp$OfRef.accept(Unknown Source)&#13;
	at java.util.stream.ReferencePipeline$3$1.accept(Unknown Source)&#13;
	at java.util.Iterator.forEachRemaining(Unknown Source)&#13;
	at java.util.Spliterators$IteratorSpliterator.forEachRemaining(Unknown Source)&#13;
	at java.util.stream.AbstractPipeline.copyInto(Unknown Source)&#13;
	at java.util.stream.AbstractPipeline.wrapAndCopyInto(Unknown Source)&#13;
	at java.util.stream.ForEachOps$ForEachOp.evaluateSequential(Unknown Source)&#13;
	at java.util.stream.ForEachOps$ForEachOp$OfRef.evaluateSequential(Unknown Source)&#13;
	at java.util.stream.AbstractPipeline.evaluate(Unknown Source)&#13;
	at java.util.stream.ReferencePipeline.forEach(Unknown Source)&#13;
	at org.junit.vintage.engine.VintageTestEngine.executeAllChildren(VintageTestEngine.java:82)&#13;
	at org.junit.vintage.engine.VintageTestEngine.execute(VintageTestEngine.java:73)&#13;
	at org.junit.platform.launcher.core.DefaultLauncher.execute(DefaultLauncher.java:248)&#13;
	at org.junit.platform.launcher.core.DefaultLauncher.lambda$execute$5(DefaultLauncher.java:211)&#13;
	at org.junit.platform.launcher.core.DefaultLauncher.withInterceptedStreams(DefaultLauncher.java:226)&#13;
	at org.junit.platform.launcher.core.DefaultLauncher.execute(DefaultLauncher.java:199)&#13;
	at org.junit.platform.launcher.core.DefaultLauncher.execute(DefaultLauncher.java:141)&#13;
	at org.eclipse.jdt.internal.junit5.runner.JUnit5TestReference.run(JUnit5TestReference.java:98)&#13;
	at org.eclipse.jdt.internal.junit.runner.TestExecution.run(TestExecution.java:41)&#13;
	at org.eclipse.jdt.internal.junit.runner.RemoteTestRunner.runTests(RemoteTestRunner.java:542)&#13;
	at org.eclipse.jdt.internal.junit.runner.RemoteTestRunner.runTests(RemoteTestRunner.java:770)&#13;
	at org.eclipse.jdt.internal.junit.runner.RemoteTestRunner.run(RemoteTestRunner.java:464)&#13;
	at org.eclipse.jdt.internal.junit.runner.RemoteTestRunner.main(RemoteTestRunner.java:210)&#13;
Caused by: java.lang.IllegalStateException: Unable to retrieve @EnableAutoConfiguration base packages&#13;
	at org.springframework.boot.autoconfigure.AutoConfigurationPackages.get(AutoConfigurationPackages.java:78)&#13;
	at org.springframework.boot.autoconfigure.data.AbstractRepositoryConfigurationSourceSupport.getBasePackages(AbstractRepositoryConfigurationSourceSupport.java:79)&#13;
	at org.springframework.boot.autoconfigure.data.AbstractRepositoryConfigurationSourceSupport$AutoConfiguredAnnotationRepositoryConfigurationSource.getBasePackages(AbstractRepositoryConfigurationSourceSupport.java:138)&#13;
	at org.springframework.data.repository.config.RepositoryConfigurationSourceSupport.lambda$getCandidates$2(RepositoryConfigurationSourceSupport.java:82)&#13;
	at org.springframework.data.util.LazyStreamable.stream(LazyStreamable.java:50)&#13;
	at org.springframework.data.util.LazyStreamable.iterator(LazyStreamable.java:41)&#13;
	at org.springframework.data.repository.config.RepositoryConfigurationExtensionSupport.getRepositoryConfigurations(RepositoryConfigurationExtensionSupport.java:91)&#13;
	at org.springframework.data.repository.config.RepositoryConfigurationDelegate.registerRepositoriesIn(RepositoryConfigurationDelegate.java:148)&#13;
	at org.springframework.boot.autoconfigure.data.AbstractRepositoryConfigurationSourceSupport.registerBeanDefinitions(AbstractRepositoryConfigurationSourceSupport.java:62)&#13;
	at org.springframework.context.annotation.ConfigurationClassBeanDefinitionReader.lambda$loadBeanDefinitionsFromRegistrars$1(ConfigurationClassBeanDefinitionReader.java:384)&#13;
	at java.util.LinkedHashMap.forEach(Unknown Source)&#13;
	at org.springframework.context.annotation.ConfigurationClassBeanDefinitionReader.loadBeanDefinitionsFromRegistrars(ConfigurationClassBeanDefinitionReader.java:383)&#13;
	at org.springframework.context.annotation.ConfigurationClassBeanDefinitionReader.loadBeanDefinitionsForConfigurationClass(ConfigurationClassBeanDefinitionReader.java:148)&#13;
	at org.springframework.context.annotation.ConfigurationClassBeanDefinitionReader.loadBeanDefinitions(ConfigurationClassBeanDefinitionReader.java:120)&#13;
	at org.springframework.context.annotation.ConfigurationClassPostProcessor.processConfigBeanDefinitions(ConfigurationClassPostProcessor.java:331)&#13;
	at org.springframework.context.annotation.ConfigurationClassPostProcessor.postProcessBeanDefinitionRegistry(ConfigurationClassPostProcessor.java:236)&#13;
	at org.springframework.context.support.PostProcessorRegistrationDelegate.invokeBeanDefinitionRegistryPostProcessors(PostProcessorRegistrationDelegate.java:280)&#13;
	at org.springframework.context.support.PostProcessorRegistrationDelegate.invokeBeanFactoryPostProcessors(PostProcessorRegistrationDelegate.java:96)&#13;
	at org.springframework.context.support.AbstractApplicationContext.invokeBeanFactoryPostProcessors(AbstractApplicationContext.java:707)&#13;
	at org.springframework.context.support.AbstractApplicationContext.refresh(AbstractApplicationContext.java:533)&#13;
	at org.springframework.boot.SpringApplication.refresh(SpringApplication.java:758)&#13;
	at org.springframework.boot.SpringApplication.refresh(SpringApplication.java:750)&#13;
	at org.springframework.boot.SpringApplication.refreshContext(SpringApplication.java:397)&#13;
	at org.springframework.boot.SpringApplication.run(SpringApplication.java:315)&#13;
	at org.springframework.boot.test.context.SpringBootContextLoader.loadContext(SpringBootContextLoader.java:120)&#13;
	at org.springframework.test.context.cache.DefaultCacheAwareContextLoaderDelegate.loadContextInternal(DefaultCacheAwareContextLoaderDelegate.java:99)&#13;
	at org.springframework.test.context.cache.DefaultCacheAwareContextLoaderDelegate.loadContext(DefaultCacheAwareContextLoaderDelegate.java:124)&#13;
	... 47 more&#13;
&#13;
</error>
    </testcase>
    <testcase name="findByNameContaining" classname="com.eatza.restaurantsearchservice.repository.RestaurantRepositoryTest" time="0.003" displayname="findByNameContaining" uniqueid="[engine:junit-vintage]/[runner:com.eatza.restaurantsearchservice.repository.RestaurantRepositoryTest]/[test:findByNameContaining(com.eatza.restaurantsearchservice.repository.RestaurantRepositoryTest)]">
      <error>java.lang.IllegalStateException: Failed to load ApplicationContext&#13;
	at org.springframework.test.context.cache.DefaultCacheAwareContextLoaderDelegate.loadContext(DefaultCacheAwareContextLoaderDelegate.java:132)&#13;
	at org.springframework.test.context.support.DefaultTestContext.getApplicationContext(DefaultTestContext.java:123)&#13;
	at org.springframework.test.context.support.DependencyInjectionTestExecutionListener.injectDependencies(DependencyInjectionTestExecutionListener.java:118)&#13;
	at org.springframework.test.context.support.DependencyInjectionTestExecutionListener.prepareTestInstance(DependencyInjectionTestExecutionListener.java:83)&#13;
	at org.springframework.boot.test.autoconfigure.SpringBootDependencyInjectionTestExecutionListener.prepareTestInstance(SpringBootDependencyInjectionTestExecutionListener.java:43)&#13;
	at org.springframework.test.context.TestContextManager.prepareTestInstance(TestContextManager.java:244)&#13;
	at org.springframework.test.context.junit4.SpringJUnit4ClassRunner.createTest(SpringJUnit4ClassRunner.java:227)&#13;
	at org.springframework.test.context.junit4.SpringJUnit4ClassRunner$1.runReflectiveCall(SpringJUnit4ClassRunner.java:289)&#13;
	at org.junit.internal.runners.model.ReflectiveCallable.run(ReflectiveCallable.java:12)&#13;
	at org.springframework.test.context.junit4.SpringJUnit4ClassRunner.methodBlock(SpringJUnit4ClassRunner.java:291)&#13;
	at org.springframework.test.context.junit4.SpringJUnit4ClassRunner.runChild(SpringJUnit4ClassRunner.java:246)&#13;
	at org.springframework.test.context.junit4.SpringJUnit4ClassRunner.runChild(SpringJUnit4ClassRunner.java:97)&#13;
	at org.junit.runners.ParentRunner$4.run(ParentRunner.java:331)&#13;
	at org.junit.runners.ParentRunner$1.schedule(ParentRunner.java:79)&#13;
	at org.junit.runners.ParentRunner.runChildren(ParentRunner.java:329)&#13;
	at org.junit.runners.ParentRunner.access$100(ParentRunner.java:66)&#13;
	at org.junit.runners.ParentRunner$2.evaluate(ParentRunner.java:293)&#13;
	at org.springframework.test.context.junit4.statements.RunBeforeTestClassCallbacks.evaluate(RunBeforeTestClassCallbacks.java:61)&#13;
	at org.springframework.test.context.junit4.statements.RunAfterTestClassCallbacks.evaluate(RunAfterTestClassCallbacks.java:70)&#13;
	at org.junit.runners.ParentRunner$3.evaluate(ParentRunner.java:306)&#13;
	at org.junit.runners.ParentRunner.run(ParentRunner.java:413)&#13;
	at org.springframework.test.context.junit4.SpringJUnit4ClassRunner.run(SpringJUnit4ClassRunner.java:190)&#13;
	at org.junit.runner.JUnitCore.run(JUnitCore.java:137)&#13;
	at org.junit.runner.JUnitCore.run(JUnitCore.java:115)&#13;
	at org.junit.vintage.engine.execution.RunnerExecutor.execute(RunnerExecutor.java:43)&#13;
	at java.util.stream.ForEachOps$ForEachOp$OfRef.accept(Unknown Source)&#13;
	at java.util.stream.ReferencePipeline$3$1.accept(Unknown Source)&#13;
	at java.util.Iterator.forEachRemaining(Unknown Source)&#13;
	at java.util.Spliterators$IteratorSpliterator.forEachRemaining(Unknown Source)&#13;
	at java.util.stream.AbstractPipeline.copyInto(Unknown Source)&#13;
	at java.util.stream.AbstractPipeline.wrapAndCopyInto(Unknown Source)&#13;
	at java.util.stream.ForEachOps$ForEachOp.evaluateSequential(Unknown Source)&#13;
	at java.util.stream.ForEachOps$ForEachOp$OfRef.evaluateSequential(Unknown Source)&#13;
	at java.util.stream.AbstractPipeline.evaluate(Unknown Source)&#13;
	at java.util.stream.ReferencePipeline.forEach(Unknown Source)&#13;
	at org.junit.vintage.engine.VintageTestEngine.executeAllChildren(VintageTestEngine.java:82)&#13;
	at org.junit.vintage.engine.VintageTestEngine.execute(VintageTestEngine.java:73)&#13;
	at org.junit.platform.launcher.core.DefaultLauncher.execute(DefaultLauncher.java:248)&#13;
	at org.junit.platform.launcher.core.DefaultLauncher.lambda$execute$5(DefaultLauncher.java:211)&#13;
	at org.junit.platform.launcher.core.DefaultLauncher.withInterceptedStreams(DefaultLauncher.java:226)&#13;
	at org.junit.platform.launcher.core.DefaultLauncher.execute(DefaultLauncher.java:199)&#13;
	at org.junit.platform.launcher.core.DefaultLauncher.execute(DefaultLauncher.java:141)&#13;
	at org.eclipse.jdt.internal.junit5.runner.JUnit5TestReference.run(JUnit5TestReference.java:98)&#13;
	at org.eclipse.jdt.internal.junit.runner.TestExecution.run(TestExecution.java:41)&#13;
	at org.eclipse.jdt.internal.junit.runner.RemoteTestRunner.runTests(RemoteTestRunner.java:542)&#13;
	at org.eclipse.jdt.internal.junit.runner.RemoteTestRunner.runTests(RemoteTestRunner.java:770)&#13;
	at org.eclipse.jdt.internal.junit.runner.RemoteTestRunner.run(RemoteTestRunner.java:464)&#13;
	at org.eclipse.jdt.internal.junit.runner.RemoteTestRunner.main(RemoteTestRunner.java:210)&#13;
Caused by: java.lang.IllegalStateException: Unable to retrieve @EnableAutoConfiguration base packages&#13;
	at org.springframework.boot.autoconfigure.AutoConfigurationPackages.get(AutoConfigurationPackages.java:78)&#13;
	at org.springframework.boot.autoconfigure.data.AbstractRepositoryConfigurationSourceSupport.getBasePackages(AbstractRepositoryConfigurationSourceSupport.java:79)&#13;
	at org.springframework.boot.autoconfigure.data.AbstractRepositoryConfigurationSourceSupport$AutoConfiguredAnnotationRepositoryConfigurationSource.getBasePackages(AbstractRepositoryConfigurationSourceSupport.java:138)&#13;
	at org.springframework.data.repository.config.RepositoryConfigurationSourceSupport.lambda$getCandidates$2(RepositoryConfigurationSourceSupport.java:82)&#13;
	at org.springframework.data.util.LazyStreamable.stream(LazyStreamable.java:50)&#13;
	at org.springframework.data.util.LazyStreamable.iterator(LazyStreamable.java:41)&#13;
	at org.springframework.data.repository.config.RepositoryConfigurationExtensionSupport.getRepositoryConfigurations(RepositoryConfigurationExtensionSupport.java:91)&#13;
	at org.springframework.data.repository.config.RepositoryConfigurationDelegate.registerRepositoriesIn(RepositoryConfigurationDelegate.java:148)&#13;
	at org.springframework.boot.autoconfigure.data.AbstractRepositoryConfigurationSourceSupport.registerBeanDefinitions(AbstractRepositoryConfigurationSourceSupport.java:62)&#13;
	at org.springframework.context.annotation.ConfigurationClassBeanDefinitionReader.lambda$loadBeanDefinitionsFromRegistrars$1(ConfigurationClassBeanDefinitionReader.java:384)&#13;
	at java.util.LinkedHashMap.forEach(Unknown Source)&#13;
	at org.springframework.context.annotation.ConfigurationClassBeanDefinitionReader.loadBeanDefinitionsFromRegistrars(ConfigurationClassBeanDefinitionReader.java:383)&#13;
	at org.springframework.context.annotation.ConfigurationClassBeanDefinitionReader.loadBeanDefinitionsForConfigurationClass(ConfigurationClassBeanDefinitionReader.java:148)&#13;
	at org.springframework.context.annotation.ConfigurationClassBeanDefinitionReader.loadBeanDefinitions(ConfigurationClassBeanDefinitionReader.java:120)&#13;
	at org.springframework.context.annotation.ConfigurationClassPostProcessor.processConfigBeanDefinitions(ConfigurationClassPostProcessor.java:331)&#13;
	at org.springframework.context.annotation.ConfigurationClassPostProcessor.postProcessBeanDefinitionRegistry(ConfigurationClassPostProcessor.java:236)&#13;
	at org.springframework.context.support.PostProcessorRegistrationDelegate.invokeBeanDefinitionRegistryPostProcessors(PostProcessorRegistrationDelegate.java:280)&#13;
	at org.springframework.context.support.PostProcessorRegistrationDelegate.invokeBeanFactoryPostProcessors(PostProcessorRegistrationDelegate.java:96)&#13;
	at org.springframework.context.support.AbstractApplicationContext.invokeBeanFactoryPostProcessors(AbstractApplicationContext.java:707)&#13;
	at org.springframework.context.support.AbstractApplicationContext.refresh(AbstractApplicationContext.java:533)&#13;
	at org.springframework.boot.SpringApplication.refresh(SpringApplication.java:758)&#13;
	at org.springframework.boot.SpringApplication.refresh(SpringApplication.java:750)&#13;
	at org.springframework.boot.SpringApplication.refreshContext(SpringApplication.java:397)&#13;
	at org.springframework.boot.SpringApplication.run(SpringApplication.java:315)&#13;
	at org.springframework.boot.test.context.SpringBootContextLoader.loadContext(SpringBootContextLoader.java:120)&#13;
	at org.springframework.test.context.cache.DefaultCacheAwareContextLoaderDelegate.loadContextInternal(DefaultCacheAwareContextLoaderDelegate.java:99)&#13;
	at org.springframework.test.context.cache.DefaultCacheAwareContextLoaderDelegate.loadContext(DefaultCacheAwareContextLoaderDelegate.java:124)&#13;
	... 47 more&#13;
&#13;
</error>
    </testcase>
  </testsuite>
  <testsuite name="com.eatza.restaurantsearchservice.config.SwaggerDocketConfigurationTest" time="0.008" displayname="SwaggerDocketConfigurationTest" uniqueid="[engine:junit-vintage]/[runner:com.eatza.restaurantsearchservice.config.SwaggerDocketConfigurationTest]">
    <testcase name="uiconfigurationTest" classname="com.eatza.restaurantsearchservice.config.SwaggerDocketConfigurationTest" time="0.004" displayname="uiconfigurationTest" uniqueid="[engine:junit-vintage]/[runner:com.eatza.restaurantsearchservice.config.SwaggerDocketConfigurationTest]/[test:uiconfigurationTest(com.eatza.restaurantsearchservice.config.SwaggerDocketConfigurationTest)]"/>
    <testcase name="docketTest" classname="com.eatza.restaurantsearchservice.config.SwaggerDocketConfigurationTest" time="0.004" displayname="docketTest" uniqueid="[engine:junit-vintage]/[runner:com.eatza.restaurantsearchservice.config.SwaggerDocketConfigurationTest]/[test:docketTest(com.eatza.restaurantsearchservice.config.SwaggerDocketConfigurationTest)]"/>
  </testsuite>
</testrun>
